{"/Users/roger/vscode/finalproject-RMT/src/application/use-cases/property/create-property.use.case.ts": {"path":"/Users/roger/vscode/finalproject-RMT/src/application/use-cases/property/create-property.use.case.ts","statementMap":{"0":{"start":{"line":1,"column":0},"end":{"line":1,"column":68}},"1":{"start":{"line":4,"column":0},"end":{"line":4,"column":94}},"2":{"start":{"line":5,"column":0},"end":{"line":5,"column":92}},"3":{"start":{"line":29,"column":21},"end":{"line":29,"column":59}},"4":{"start":{"line":30,"column":21},"end":{"line":30,"column":39}},"5":{"start":{"line":34,"column":4},"end":{"line":55,"column":null}},"6":{"start":{"line":35,"column":23},"end":{"line":44,"column":8}},"7":{"start":{"line":46,"column":6},"end":{"line":46,"column":51}},"8":{"start":{"line":47,"column":6},"end":{"line":47,"column":73}},"9":{"start":{"line":49,"column":6},"end":{"line":49,"column":25}},"10":{"start":{"line":51,"column":6},"end":{"line":53,"column":null}},"11":{"start":{"line":52,"column":8},"end":{"line":52,"column":73}},"12":{"start":{"line":54,"column":6},"end":{"line":54,"column":65}},"13":{"start":{"line":27,"column":0},"end":{"line":27,"column":13}}},"fnMap":{"0":{"name":"(anonymous_7)","decl":{"start":{"line":28,"column":2},"end":{"line":28,"column":null}},"loc":{"start":{"line":30,"column":39},"end":{"line":31,"column":6}}},"1":{"name":"(anonymous_8)","decl":{"start":{"line":33,"column":8},"end":{"line":33,"column":15}},"loc":{"start":{"line":33,"column":46},"end":{"line":56,"column":null}}}},"branchMap":{"0":{"loc":{"start":{"line":51,"column":6},"end":{"line":53,"column":null}},"type":"if","locations":[{"start":{"line":51,"column":6},"end":{"line":53,"column":null}}]}},"s":{"0":1,"1":1,"2":1,"3":1,"4":1,"5":1,"6":1,"7":1,"8":1,"9":1,"10":0,"11":0,"12":0,"13":1},"f":{"0":1,"1":1},"b":{"0":[0]}}
,"/Users/roger/vscode/finalproject-RMT/src/application/use-cases/property/delete-property.use-case.ts": {"path":"/Users/roger/vscode/finalproject-RMT/src/application/use-cases/property/delete-property.use-case.ts","statementMap":{"0":{"start":{"line":3,"column":0},"end":{"line":3,"column":74}},"1":{"start":{"line":4,"column":0},"end":{"line":4,"column":94}},"2":{"start":{"line":5,"column":0},"end":{"line":5,"column":80}},"3":{"start":{"line":9,"column":21},"end":{"line":9,"column":59}},"4":{"start":{"line":10,"column":21},"end":{"line":10,"column":39}},"5":{"start":{"line":14,"column":4},"end":{"line":41,"column":null}},"6":{"start":{"line":15,"column":23},"end":{"line":15,"column":65}},"7":{"start":{"line":17,"column":6},"end":{"line":19,"column":null}},"8":{"start":{"line":18,"column":8},"end":{"line":18,"column":44}},"9":{"start":{"line":21,"column":6},"end":{"line":23,"column":null}},"10":{"start":{"line":22,"column":8},"end":{"line":22,"column":72}},"11":{"start":{"line":25,"column":6},"end":{"line":27,"column":null}},"12":{"start":{"line":26,"column":8},"end":{"line":26,"column":72}},"13":{"start":{"line":29,"column":6},"end":{"line":29,"column":47}},"14":{"start":{"line":30,"column":6},"end":{"line":30,"column":70}},"15":{"start":{"line":32,"column":6},"end":{"line":34,"column":null}},"16":{"start":{"line":33,"column":8},"end":{"line":33,"column":20}},"17":{"start":{"line":36,"column":6},"end":{"line":38,"column":null}},"18":{"start":{"line":37,"column":8},"end":{"line":37,"column":20}},"19":{"start":{"line":40,"column":6},"end":{"line":40,"column":68}},"20":{"start":{"line":7,"column":0},"end":{"line":7,"column":13}}},"fnMap":{"0":{"name":"(anonymous_7)","decl":{"start":{"line":8,"column":2},"end":{"line":8,"column":null}},"loc":{"start":{"line":10,"column":39},"end":{"line":11,"column":6}}},"1":{"name":"(anonymous_8)","decl":{"start":{"line":13,"column":8},"end":{"line":13,"column":15}},"loc":{"start":{"line":13,"column":26},"end":{"line":42,"column":null}}}},"branchMap":{"0":{"loc":{"start":{"line":17,"column":6},"end":{"line":19,"column":null}},"type":"if","locations":[{"start":{"line":17,"column":6},"end":{"line":19,"column":null}}]},"1":{"loc":{"start":{"line":21,"column":6},"end":{"line":23,"column":null}},"type":"if","locations":[{"start":{"line":21,"column":6},"end":{"line":23,"column":null}}]},"2":{"loc":{"start":{"line":25,"column":6},"end":{"line":27,"column":null}},"type":"if","locations":[{"start":{"line":25,"column":6},"end":{"line":27,"column":null}}]},"3":{"loc":{"start":{"line":32,"column":6},"end":{"line":34,"column":null}},"type":"if","locations":[{"start":{"line":32,"column":6},"end":{"line":34,"column":null}}]},"4":{"loc":{"start":{"line":36,"column":6},"end":{"line":38,"column":null}},"type":"if","locations":[{"start":{"line":36,"column":6},"end":{"line":38,"column":null}}]}},"s":{"0":1,"1":1,"2":1,"3":4,"4":4,"5":4,"6":4,"7":4,"8":1,"9":3,"10":1,"11":2,"12":1,"13":1,"14":1,"15":3,"16":1,"17":2,"18":2,"19":0,"20":1},"f":{"0":4,"1":4},"b":{"0":[1],"1":[1],"2":[1],"3":[1],"4":[2]}}
,"/Users/roger/vscode/finalproject-RMT/src/application/use-cases/property/get-properties-by-status.use-case.ts": {"path":"/Users/roger/vscode/finalproject-RMT/src/application/use-cases/property/get-properties-by-status.use-case.ts","statementMap":{"0":{"start":{"line":7,"column":21},"end":{"line":7,"column":59}},"1":{"start":{"line":11,"column":4},"end":{"line":18,"column":null}},"2":{"start":{"line":12,"column":6},"end":{"line":12,"column":64}},"3":{"start":{"line":14,"column":6},"end":{"line":16,"column":null}},"4":{"start":{"line":15,"column":8},"end":{"line":15,"column":73}},"5":{"start":{"line":17,"column":6},"end":{"line":17,"column":65}},"6":{"start":{"line":5,"column":0},"end":{"line":5,"column":13}}},"fnMap":{"0":{"name":"(anonymous_7)","decl":{"start":{"line":6,"column":2},"end":{"line":6,"column":null}},"loc":{"start":{"line":7,"column":59},"end":{"line":8,"column":6}}},"1":{"name":"(anonymous_8)","decl":{"start":{"line":10,"column":8},"end":{"line":10,"column":15}},"loc":{"start":{"line":10,"column":38},"end":{"line":19,"column":null}}}},"branchMap":{"0":{"loc":{"start":{"line":14,"column":6},"end":{"line":16,"column":null}},"type":"if","locations":[{"start":{"line":14,"column":6},"end":{"line":16,"column":null}}]}},"s":{"0":3,"1":3,"2":3,"3":1,"4":1,"5":0,"6":1},"f":{"0":3,"1":3},"b":{"0":[1]}}
,"/Users/roger/vscode/finalproject-RMT/src/application/use-cases/property/get-property-analysis.use-case.ts": {"path":"/Users/roger/vscode/finalproject-RMT/src/application/use-cases/property/get-property-analysis.use-case.ts","statementMap":{"0":{"start":{"line":3,"column":0},"end":{"line":3,"column":74}},"1":{"start":{"line":7,"column":21},"end":{"line":7,"column":59}},"2":{"start":{"line":11,"column":4},"end":{"line":29,"column":null}},"3":{"start":{"line":12,"column":23},"end":{"line":12,"column":73}},"4":{"start":{"line":14,"column":6},"end":{"line":16,"column":null}},"5":{"start":{"line":15,"column":8},"end":{"line":15,"column":52}},"6":{"start":{"line":18,"column":6},"end":{"line":18,"column":36}},"7":{"start":{"line":20,"column":6},"end":{"line":22,"column":null}},"8":{"start":{"line":21,"column":8},"end":{"line":21,"column":20}},"9":{"start":{"line":24,"column":6},"end":{"line":26,"column":null}},"10":{"start":{"line":25,"column":8},"end":{"line":25,"column":71}},"11":{"start":{"line":28,"column":6},"end":{"line":28,"column":63}},"12":{"start":{"line":5,"column":0},"end":{"line":5,"column":13}}},"fnMap":{"0":{"name":"(anonymous_7)","decl":{"start":{"line":6,"column":2},"end":{"line":6,"column":null}},"loc":{"start":{"line":7,"column":59},"end":{"line":8,"column":6}}},"1":{"name":"(anonymous_8)","decl":{"start":{"line":10,"column":8},"end":{"line":10,"column":15}},"loc":{"start":{"line":10,"column":34},"end":{"line":30,"column":null}}}},"branchMap":{"0":{"loc":{"start":{"line":14,"column":6},"end":{"line":16,"column":null}},"type":"if","locations":[{"start":{"line":14,"column":6},"end":{"line":16,"column":null}}]},"1":{"loc":{"start":{"line":20,"column":6},"end":{"line":22,"column":null}},"type":"if","locations":[{"start":{"line":20,"column":6},"end":{"line":22,"column":null}}]},"2":{"loc":{"start":{"line":24,"column":6},"end":{"line":26,"column":null}},"type":"if","locations":[{"start":{"line":24,"column":6},"end":{"line":26,"column":null}}]}},"s":{"0":1,"1":3,"2":3,"3":3,"4":3,"5":1,"6":2,"7":1,"8":1,"9":0,"10":0,"11":0,"12":1},"f":{"0":3,"1":3},"b":{"0":[1],"1":[1],"2":[0]}}
,"/Users/roger/vscode/finalproject-RMT/src/application/use-cases/property/get-property-by-id.use-case.ts": {"path":"/Users/roger/vscode/finalproject-RMT/src/application/use-cases/property/get-property-by-id.use-case.ts","statementMap":{"0":{"start":{"line":3,"column":0},"end":{"line":3,"column":74}},"1":{"start":{"line":7,"column":21},"end":{"line":7,"column":59}},"2":{"start":{"line":11,"column":4},"end":{"line":29,"column":null}},"3":{"start":{"line":12,"column":23},"end":{"line":12,"column":65}},"4":{"start":{"line":14,"column":6},"end":{"line":16,"column":null}},"5":{"start":{"line":15,"column":8},"end":{"line":15,"column":44}},"6":{"start":{"line":18,"column":6},"end":{"line":18,"column":22}},"7":{"start":{"line":20,"column":6},"end":{"line":22,"column":null}},"8":{"start":{"line":21,"column":8},"end":{"line":21,"column":20}},"9":{"start":{"line":24,"column":6},"end":{"line":26,"column":null}},"10":{"start":{"line":25,"column":8},"end":{"line":25,"column":74}},"11":{"start":{"line":28,"column":6},"end":{"line":28,"column":66}},"12":{"start":{"line":5,"column":0},"end":{"line":5,"column":13}}},"fnMap":{"0":{"name":"(anonymous_7)","decl":{"start":{"line":6,"column":2},"end":{"line":6,"column":null}},"loc":{"start":{"line":7,"column":59},"end":{"line":8,"column":6}}},"1":{"name":"(anonymous_8)","decl":{"start":{"line":10,"column":8},"end":{"line":10,"column":15}},"loc":{"start":{"line":10,"column":26},"end":{"line":30,"column":null}}}},"branchMap":{"0":{"loc":{"start":{"line":14,"column":6},"end":{"line":16,"column":null}},"type":"if","locations":[{"start":{"line":14,"column":6},"end":{"line":16,"column":null}}]},"1":{"loc":{"start":{"line":20,"column":6},"end":{"line":22,"column":null}},"type":"if","locations":[{"start":{"line":20,"column":6},"end":{"line":22,"column":null}}]},"2":{"loc":{"start":{"line":24,"column":6},"end":{"line":26,"column":null}},"type":"if","locations":[{"start":{"line":24,"column":6},"end":{"line":26,"column":null}}]}},"s":{"0":1,"1":3,"2":3,"3":3,"4":2,"5":1,"6":1,"7":2,"8":1,"9":1,"10":1,"11":0,"12":1},"f":{"0":3,"1":3},"b":{"0":[1],"1":[1],"2":[1]}}
,"/Users/roger/vscode/finalproject-RMT/src/application/use-cases/property/search-properties.use-case.ts": {"path":"/Users/roger/vscode/finalproject-RMT/src/application/use-cases/property/search-properties.use-case.ts","statementMap":{"0":{"start":{"line":17,"column":21},"end":{"line":17,"column":59}},"1":{"start":{"line":21,"column":4},"end":{"line":29,"column":null}},"2":{"start":{"line":22,"column":6},"end":{"line":22,"column":38}},"3":{"start":{"line":23,"column":6},"end":{"line":23,"column":60}},"4":{"start":{"line":25,"column":6},"end":{"line":27,"column":null}},"5":{"start":{"line":26,"column":8},"end":{"line":26,"column":73}},"6":{"start":{"line":28,"column":6},"end":{"line":28,"column":65}},"7":{"start":{"line":33,"column":4},"end":{"line":35,"column":null}},"8":{"start":{"line":34,"column":6},"end":{"line":34,"column":82}},"9":{"start":{"line":37,"column":4},"end":{"line":39,"column":null}},"10":{"start":{"line":38,"column":6},"end":{"line":38,"column":64}},"11":{"start":{"line":41,"column":4},"end":{"line":43,"column":null}},"12":{"start":{"line":42,"column":6},"end":{"line":42,"column":64}},"13":{"start":{"line":45,"column":4},"end":{"line":47,"column":null}},"14":{"start":{"line":46,"column":6},"end":{"line":46,"column":80}},"15":{"start":{"line":15,"column":0},"end":{"line":15,"column":13}}},"fnMap":{"0":{"name":"(anonymous_7)","decl":{"start":{"line":16,"column":2},"end":{"line":16,"column":null}},"loc":{"start":{"line":17,"column":59},"end":{"line":18,"column":6}}},"1":{"name":"(anonymous_8)","decl":{"start":{"line":20,"column":8},"end":{"line":20,"column":15}},"loc":{"start":{"line":20,"column":40},"end":{"line":30,"column":null}}},"2":{"name":"(anonymous_10)","decl":{"start":{"line":32,"column":10},"end":{"line":32,"column":26}},"loc":{"start":{"line":32,"column":51},"end":{"line":48,"column":3}}}},"branchMap":{"0":{"loc":{"start":{"line":25,"column":6},"end":{"line":27,"column":null}},"type":"if","locations":[{"start":{"line":25,"column":6},"end":{"line":27,"column":null}}]},"1":{"loc":{"start":{"line":33,"column":4},"end":{"line":35,"column":null}},"type":"if","locations":[{"start":{"line":33,"column":4},"end":{"line":35,"column":null}}]},"2":{"loc":{"start":{"line":33,"column":8},"end":{"line":33,"column":87}},"type":"binary-expr","locations":[{"start":{"line":33,"column":8},"end":{"line":33,"column":25}},{"start":{"line":33,"column":29},"end":{"line":33,"column":46}},{"start":{"line":33,"column":50},"end":{"line":33,"column":87}}]},"3":{"loc":{"start":{"line":37,"column":4},"end":{"line":39,"column":null}},"type":"if","locations":[{"start":{"line":37,"column":4},"end":{"line":39,"column":null}}]},"4":{"loc":{"start":{"line":37,"column":8},"end":{"line":37,"column":50}},"type":"binary-expr","locations":[{"start":{"line":37,"column":8},"end":{"line":37,"column":25}},{"start":{"line":37,"column":29},"end":{"line":37,"column":50}}]},"5":{"loc":{"start":{"line":41,"column":4},"end":{"line":43,"column":null}},"type":"if","locations":[{"start":{"line":41,"column":4},"end":{"line":43,"column":null}}]},"6":{"loc":{"start":{"line":41,"column":8},"end":{"line":41,"column":50}},"type":"binary-expr","locations":[{"start":{"line":41,"column":8},"end":{"line":41,"column":25}},{"start":{"line":41,"column":29},"end":{"line":41,"column":50}}]},"7":{"loc":{"start":{"line":45,"column":4},"end":{"line":47,"column":null}},"type":"if","locations":[{"start":{"line":45,"column":4},"end":{"line":47,"column":null}}]},"8":{"loc":{"start":{"line":45,"column":8},"end":{"line":45,"column":50}},"type":"binary-expr","locations":[{"start":{"line":45,"column":8},"end":{"line":45,"column":25}},{"start":{"line":45,"column":29},"end":{"line":45,"column":50}}]}},"s":{"0":5,"1":5,"2":5,"3":4,"4":2,"5":2,"6":0,"7":5,"8":1,"9":4,"10":0,"11":4,"12":0,"13":4,"14":0,"15":1},"f":{"0":5,"1":5,"2":5},"b":{"0":[2],"1":[1],"2":[5,3,2],"3":[0],"4":[4,2],"5":[0],"6":[4,1],"7":[0],"8":[4,2]}}
,"/Users/roger/vscode/finalproject-RMT/src/application/use-cases/property/update-property.use-case.ts": {"path":"/Users/roger/vscode/finalproject-RMT/src/application/use-cases/property/update-property.use-case.ts","statementMap":{"0":{"start":{"line":3,"column":0},"end":{"line":3,"column":74}},"1":{"start":{"line":4,"column":0},"end":{"line":4,"column":94}},"2":{"start":{"line":15,"column":21},"end":{"line":15,"column":59}},"3":{"start":{"line":16,"column":21},"end":{"line":16,"column":39}},"4":{"start":{"line":20,"column":4},"end":{"line":51,"column":null}},"5":{"start":{"line":21,"column":23},"end":{"line":21,"column":73}},"6":{"start":{"line":23,"column":6},"end":{"line":25,"column":null}},"7":{"start":{"line":24,"column":8},"end":{"line":24,"column":52}},"8":{"start":{"line":27,"column":6},"end":{"line":29,"column":null}},"9":{"start":{"line":28,"column":8},"end":{"line":28,"column":44}},"10":{"start":{"line":31,"column":6},"end":{"line":33,"column":null}},"11":{"start":{"line":32,"column":8},"end":{"line":32,"column":56}},"12":{"start":{"line":35,"column":6},"end":{"line":37,"column":null}},"13":{"start":{"line":36,"column":8},"end":{"line":36,"column":44}},"14":{"start":{"line":39,"column":6},"end":{"line":39,"column":51}},"15":{"start":{"line":40,"column":6},"end":{"line":40,"column":73}},"16":{"start":{"line":42,"column":6},"end":{"line":44,"column":null}},"17":{"start":{"line":43,"column":8},"end":{"line":43,"column":20}},"18":{"start":{"line":46,"column":6},"end":{"line":48,"column":null}},"19":{"start":{"line":47,"column":8},"end":{"line":47,"column":78}},"20":{"start":{"line":50,"column":6},"end":{"line":50,"column":70}},"21":{"start":{"line":13,"column":0},"end":{"line":13,"column":13}}},"fnMap":{"0":{"name":"(anonymous_7)","decl":{"start":{"line":14,"column":2},"end":{"line":14,"column":null}},"loc":{"start":{"line":16,"column":39},"end":{"line":17,"column":6}}},"1":{"name":"(anonymous_8)","decl":{"start":{"line":19,"column":8},"end":{"line":19,"column":15}},"loc":{"start":{"line":19,"column":46},"end":{"line":52,"column":null}}}},"branchMap":{"0":{"loc":{"start":{"line":23,"column":6},"end":{"line":25,"column":null}},"type":"if","locations":[{"start":{"line":23,"column":6},"end":{"line":25,"column":null}}]},"1":{"loc":{"start":{"line":27,"column":6},"end":{"line":29,"column":null}},"type":"if","locations":[{"start":{"line":27,"column":6},"end":{"line":29,"column":null}}]},"2":{"loc":{"start":{"line":31,"column":6},"end":{"line":33,"column":null}},"type":"if","locations":[{"start":{"line":31,"column":6},"end":{"line":33,"column":null}}]},"3":{"loc":{"start":{"line":35,"column":6},"end":{"line":37,"column":null}},"type":"if","locations":[{"start":{"line":35,"column":6},"end":{"line":37,"column":null}}]},"4":{"loc":{"start":{"line":42,"column":6},"end":{"line":44,"column":null}},"type":"if","locations":[{"start":{"line":42,"column":6},"end":{"line":44,"column":null}}]},"5":{"loc":{"start":{"line":46,"column":6},"end":{"line":48,"column":null}},"type":"if","locations":[{"start":{"line":46,"column":6},"end":{"line":48,"column":null}}]}},"s":{"0":1,"1":1,"2":4,"3":4,"4":4,"5":4,"6":4,"7":1,"8":3,"9":2,"10":3,"11":1,"12":3,"13":1,"14":2,"15":2,"16":2,"17":1,"18":1,"19":1,"20":0,"21":1},"f":{"0":4,"1":4},"b":{"0":[1],"1":[2],"2":[1],"3":[1],"4":[1],"5":[1]}}
,"/Users/roger/vscode/finalproject-RMT/src/application/use-cases/property/errors/property-not-found.error.ts": {"path":"/Users/roger/vscode/finalproject-RMT/src/application/use-cases/property/errors/property-not-found.error.ts","statementMap":{"0":{"start":{"line":3,"column":4},"end":{"line":3,"column":55}},"1":{"start":{"line":4,"column":4},"end":{"line":4,"column":40}},"2":{"start":{"line":1,"column":0},"end":{"line":1,"column":13}}},"fnMap":{"0":{"name":"(anonymous_0)","decl":{"start":{"line":2,"column":2},"end":{"line":2,"column":14}},"loc":{"start":{"line":2,"column":24},"end":{"line":5,"column":3}}}},"branchMap":{},"s":{"0":4,"1":4,"2":4},"f":{"0":4},"b":{}}
,"/Users/roger/vscode/finalproject-RMT/src/domain/connection/entity/connection.ts": {"path":"/Users/roger/vscode/finalproject-RMT/src/domain/connection/entity/connection.ts","statementMap":{"0":{"start":{"line":1,"column":0},"end":{"line":1,"column":62}},"1":{"start":{"line":18,"column":4},"end":{"line":18,"column":57}},"2":{"start":{"line":19,"column":4},"end":{"line":19,"column":23}},"3":{"start":{"line":23,"column":4},"end":{"line":29,"column":7}},"4":{"start":{"line":33,"column":4},"end":{"line":35,"column":null}},"5":{"start":{"line":34,"column":6},"end":{"line":34,"column":70}},"6":{"start":{"line":39,"column":21},"end":{"line":39,"column":42}},"7":{"start":{"line":40,"column":29},"end":{"line":40,"column":58}},"8":{"start":{"line":41,"column":27},"end":{"line":41,"column":54}},"9":{"start":{"line":42,"column":35},"end":{"line":42,"column":60}},"10":{"start":{"line":44,"column":4},"end":{"line":44,"column":39}},"11":{"start":{"line":46,"column":26},"end":{"line":46,"column":54}},"12":{"start":{"line":47,"column":26},"end":{"line":47,"column":54}},"13":{"start":{"line":51,"column":4},"end":{"line":53,"column":null}},"14":{"start":{"line":52,"column":6},"end":{"line":52,"column":70}},"15":{"start":{"line":54,"column":4},"end":{"line":54,"column":50}},"16":{"start":{"line":55,"column":4},"end":{"line":55,"column":38}},"17":{"start":{"line":59,"column":4},"end":{"line":61,"column":null}},"18":{"start":{"line":60,"column":6},"end":{"line":60,"column":71}},"19":{"start":{"line":62,"column":4},"end":{"line":62,"column":50}},"20":{"start":{"line":63,"column":4},"end":{"line":63,"column":38}},"21":{"start":{"line":67,"column":4},"end":{"line":69,"column":null}},"22":{"start":{"line":68,"column":6},"end":{"line":68,"column":55}},"23":{"start":{"line":70,"column":4},"end":{"line":70,"column":49}},"24":{"start":{"line":71,"column":4},"end":{"line":71,"column":38}},"25":{"start":{"line":75,"column":4},"end":{"line":77,"column":null}},"26":{"start":{"line":76,"column":6},"end":{"line":76,"column":80}},"27":{"start":{"line":78,"column":4},"end":{"line":80,"column":null}},"28":{"start":{"line":79,"column":6},"end":{"line":79,"column":65}},"29":{"start":{"line":81,"column":4},"end":{"line":81,"column":38}},"30":{"start":{"line":82,"column":4},"end":{"line":82,"column":38}},"31":{"start":{"line":86,"column":4},"end":{"line":88,"column":15}},"32":{"start":{"line":87,"column":19},"end":{"line":87,"column":51}},"33":{"start":{"line":14,"column":0},"end":{"line":14,"column":13}}},"fnMap":{"0":{"name":"(anonymous_0)","decl":{"start":{"line":17,"column":2},"end":{"line":17,"column":22}},"loc":{"start":{"line":17,"column":44},"end":{"line":20,"column":3}}},"1":{"name":"(anonymous_1)","decl":{"start":{"line":22,"column":9},"end":{"line":22,"column":15}},"loc":{"start":{"line":22,"column":98},"end":{"line":30,"column":3}}},"2":{"name":"(anonymous_2)","decl":{"start":{"line":32,"column":10},"end":{"line":32,"column":23}},"loc":{"start":{"line":32,"column":52},"end":{"line":36,"column":3}}},"3":{"name":"(anonymous_3)","decl":{"start":{"line":39,"column":2},"end":{"line":39,"column":6}},"loc":{"start":{"line":39,"column":8},"end":{"line":39,"column":44}}},"4":{"name":"(anonymous_4)","decl":{"start":{"line":40,"column":2},"end":{"line":40,"column":6}},"loc":{"start":{"line":40,"column":16},"end":{"line":40,"column":60}}},"5":{"name":"(anonymous_5)","decl":{"start":{"line":41,"column":2},"end":{"line":41,"column":6}},"loc":{"start":{"line":41,"column":14},"end":{"line":41,"column":56}}},"6":{"name":"(anonymous_6)","decl":{"start":{"line":42,"column":2},"end":{"line":42,"column":6}},"loc":{"start":{"line":42,"column":12},"end":{"line":42,"column":62}}},"7":{"name":"(anonymous_7)","decl":{"start":{"line":43,"column":2},"end":{"line":43,"column":6}},"loc":{"start":{"line":43,"column":14},"end":{"line":45,"column":3}}},"8":{"name":"(anonymous_8)","decl":{"start":{"line":46,"column":2},"end":{"line":46,"column":6}},"loc":{"start":{"line":46,"column":15},"end":{"line":46,"column":56}}},"9":{"name":"(anonymous_9)","decl":{"start":{"line":47,"column":2},"end":{"line":47,"column":6}},"loc":{"start":{"line":47,"column":15},"end":{"line":47,"column":56}}},"10":{"name":"(anonymous_10)","decl":{"start":{"line":50,"column":9},"end":{"line":50,"column":15}},"loc":{"start":{"line":50,"column":15},"end":{"line":56,"column":3}}},"11":{"name":"(anonymous_11)","decl":{"start":{"line":58,"column":9},"end":{"line":58,"column":15}},"loc":{"start":{"line":58,"column":15},"end":{"line":64,"column":3}}},"12":{"name":"(anonymous_12)","decl":{"start":{"line":66,"column":9},"end":{"line":66,"column":14}},"loc":{"start":{"line":66,"column":14},"end":{"line":72,"column":3}}},"13":{"name":"(anonymous_13)","decl":{"start":{"line":74,"column":9},"end":{"line":74,"column":19}},"loc":{"start":{"line":74,"column":36},"end":{"line":83,"column":3}}},"14":{"name":"(anonymous_14)","decl":{"start":{"line":85,"column":9},"end":{"line":85,"column":26}},"loc":{"start":{"line":85,"column":41},"end":{"line":89,"column":3}}},"15":{"name":"(anonymous_15)","decl":{"start":{"line":87,"column":14},"end":{"line":87,"column":15}},"loc":{"start":{"line":87,"column":19},"end":{"line":87,"column":51}}}},"branchMap":{"0":{"loc":{"start":{"line":33,"column":4},"end":{"line":35,"column":null}},"type":"if","locations":[{"start":{"line":33,"column":4},"end":{"line":35,"column":null}}]},"1":{"loc":{"start":{"line":51,"column":4},"end":{"line":53,"column":null}},"type":"if","locations":[{"start":{"line":51,"column":4},"end":{"line":53,"column":null}}]},"2":{"loc":{"start":{"line":59,"column":4},"end":{"line":61,"column":null}},"type":"if","locations":[{"start":{"line":59,"column":4},"end":{"line":61,"column":null}}]},"3":{"loc":{"start":{"line":67,"column":4},"end":{"line":69,"column":null}},"type":"if","locations":[{"start":{"line":67,"column":4},"end":{"line":69,"column":null}}]},"4":{"loc":{"start":{"line":75,"column":4},"end":{"line":77,"column":null}},"type":"if","locations":[{"start":{"line":75,"column":4},"end":{"line":77,"column":null}}]},"5":{"loc":{"start":{"line":78,"column":4},"end":{"line":80,"column":null}},"type":"if","locations":[{"start":{"line":78,"column":4},"end":{"line":80,"column":null}}]},"6":{"loc":{"start":{"line":87,"column":19},"end":{"line":87,"column":51}},"type":"binary-expr","locations":[{"start":{"line":87,"column":19},"end":{"line":87,"column":40}},{"start":{"line":87,"column":44},"end":{"line":87,"column":51}}]}},"s":{"0":1,"1":12,"2":11,"3":12,"4":12,"5":1,"6":8,"7":1,"8":1,"9":4,"10":2,"11":0,"12":0,"13":5,"14":1,"15":4,"16":4,"17":2,"18":1,"19":1,"20":1,"21":2,"22":1,"23":1,"24":1,"25":4,"26":1,"27":3,"28":0,"29":3,"30":3,"31":1,"32":2,"33":1},"f":{"0":12,"1":12,"2":12,"3":8,"4":1,"5":1,"6":4,"7":2,"8":0,"9":0,"10":5,"11":2,"12":2,"13":4,"14":1,"15":2},"b":{"0":[1],"1":[1],"2":[1],"3":[1],"4":[1],"5":[0],"6":[2,1]}}
,"/Users/roger/vscode/finalproject-RMT/src/domain/connection/entity/message.ts": {"path":"/Users/roger/vscode/finalproject-RMT/src/domain/connection/entity/message.ts","statementMap":{"0":{"start":{"line":15,"column":4},"end":{"line":15,"column":40}},"1":{"start":{"line":16,"column":4},"end":{"line":16,"column":23}},"2":{"start":{"line":20,"column":4},"end":{"line":26,"column":7}},"3":{"start":{"line":30,"column":4},"end":{"line":32,"column":null}},"4":{"start":{"line":31,"column":6},"end":{"line":31,"column":71}},"5":{"start":{"line":33,"column":4},"end":{"line":35,"column":null}},"6":{"start":{"line":34,"column":6},"end":{"line":34,"column":87}},"7":{"start":{"line":39,"column":21},"end":{"line":39,"column":42}},"8":{"start":{"line":40,"column":31},"end":{"line":40,"column":62}},"9":{"start":{"line":41,"column":27},"end":{"line":41,"column":54}},"10":{"start":{"line":42,"column":26},"end":{"line":42,"column":52}},"11":{"start":{"line":43,"column":24},"end":{"line":43,"column":47}},"12":{"start":{"line":44,"column":26},"end":{"line":44,"column":54}},"13":{"start":{"line":45,"column":26},"end":{"line":45,"column":54}},"14":{"start":{"line":49,"column":4},"end":{"line":49,"column":27}},"15":{"start":{"line":50,"column":4},"end":{"line":50,"column":38}},"16":{"start":{"line":11,"column":0},"end":{"line":11,"column":13}}},"fnMap":{"0":{"name":"(anonymous_0)","decl":{"start":{"line":14,"column":2},"end":{"line":14,"column":22}},"loc":{"start":{"line":14,"column":41},"end":{"line":17,"column":3}}},"1":{"name":"(anonymous_1)","decl":{"start":{"line":19,"column":9},"end":{"line":19,"column":15}},"loc":{"start":{"line":19,"column":91},"end":{"line":27,"column":3}}},"2":{"name":"(anonymous_2)","decl":{"start":{"line":29,"column":10},"end":{"line":29,"column":25}},"loc":{"start":{"line":29,"column":41},"end":{"line":36,"column":3}}},"3":{"name":"(anonymous_3)","decl":{"start":{"line":39,"column":2},"end":{"line":39,"column":6}},"loc":{"start":{"line":39,"column":8},"end":{"line":39,"column":44}}},"4":{"name":"(anonymous_4)","decl":{"start":{"line":40,"column":2},"end":{"line":40,"column":6}},"loc":{"start":{"line":40,"column":18},"end":{"line":40,"column":64}}},"5":{"name":"(anonymous_5)","decl":{"start":{"line":41,"column":2},"end":{"line":41,"column":6}},"loc":{"start":{"line":41,"column":14},"end":{"line":41,"column":56}}},"6":{"name":"(anonymous_6)","decl":{"start":{"line":42,"column":2},"end":{"line":42,"column":6}},"loc":{"start":{"line":42,"column":13},"end":{"line":42,"column":54}}},"7":{"name":"(anonymous_7)","decl":{"start":{"line":43,"column":2},"end":{"line":43,"column":6}},"loc":{"start":{"line":43,"column":10},"end":{"line":43,"column":49}}},"8":{"name":"(anonymous_8)","decl":{"start":{"line":44,"column":2},"end":{"line":44,"column":6}},"loc":{"start":{"line":44,"column":15},"end":{"line":44,"column":56}}},"9":{"name":"(anonymous_9)","decl":{"start":{"line":45,"column":2},"end":{"line":45,"column":6}},"loc":{"start":{"line":45,"column":15},"end":{"line":45,"column":56}}},"10":{"name":"(anonymous_10)","decl":{"start":{"line":48,"column":9},"end":{"line":48,"column":19}},"loc":{"start":{"line":48,"column":19},"end":{"line":51,"column":3}}}},"branchMap":{"0":{"loc":{"start":{"line":30,"column":4},"end":{"line":32,"column":null}},"type":"if","locations":[{"start":{"line":30,"column":4},"end":{"line":32,"column":null}}]},"1":{"loc":{"start":{"line":33,"column":4},"end":{"line":35,"column":null}},"type":"if","locations":[{"start":{"line":33,"column":4},"end":{"line":35,"column":null}}]}},"s":{"0":9,"1":6,"2":9,"3":9,"4":2,"5":7,"6":1,"7":5,"8":4,"9":5,"10":5,"11":3,"12":0,"13":2,"14":1,"15":1,"16":2},"f":{"0":9,"1":9,"2":9,"3":5,"4":4,"5":5,"6":5,"7":3,"8":0,"9":2,"10":1},"b":{"0":[2],"1":[1]}}
,"/Users/roger/vscode/finalproject-RMT/src/domain/connection/types/connection-status.ts": {"path":"/Users/roger/vscode/finalproject-RMT/src/domain/connection/types/connection-status.ts","statementMap":{"0":{"start":{"line":1,"column":0},"end":{"line":1,"column":null}},"1":{"start":{"line":2,"column":2},"end":{"line":2,"column":null}},"2":{"start":{"line":3,"column":2},"end":{"line":3,"column":null}},"3":{"start":{"line":4,"column":2},"end":{"line":4,"column":null}},"4":{"start":{"line":5,"column":2},"end":{"line":5,"column":null}}},"fnMap":{"0":{"name":"(anonymous_0)","decl":{"start":{"line":1,"column":0},"end":{"line":1,"column":12}},"loc":{"start":{"line":1,"column":28},"end":{"line":6,"column":1}}}},"branchMap":{"0":{"loc":{"start":{"line":1,"column":12},"end":{"line":1,"column":null}},"type":"binary-expr","locations":[{"start":{"line":1,"column":12},"end":{"line":1,"column":28}},{"start":{"line":1,"column":12},"end":{"line":1,"column":null}}]}},"s":{"0":1,"1":1,"2":1,"3":1,"4":1},"f":{"0":1},"b":{"0":[1,1]}}
,"/Users/roger/vscode/finalproject-RMT/src/domain/document/entity/document.ts": {"path":"/Users/roger/vscode/finalproject-RMT/src/domain/document/entity/document.ts","statementMap":{"0":{"start":{"line":1,"column":0},"end":{"line":1,"column":70}},"1":{"start":{"line":21,"column":4},"end":{"line":21,"column":34}},"2":{"start":{"line":22,"column":4},"end":{"line":22,"column":38}},"3":{"start":{"line":23,"column":4},"end":{"line":23,"column":80}},"4":{"start":{"line":24,"column":4},"end":{"line":24,"column":23}},"5":{"start":{"line":28,"column":4},"end":{"line":34,"column":7}},"6":{"start":{"line":38,"column":4},"end":{"line":40,"column":null}},"7":{"start":{"line":39,"column":6},"end":{"line":39,"column":52}},"8":{"start":{"line":44,"column":4},"end":{"line":46,"column":null}},"9":{"start":{"line":45,"column":6},"end":{"line":45,"column":54}},"10":{"start":{"line":50,"column":4},"end":{"line":57,"column":null}},"11":{"start":{"line":51,"column":6},"end":{"line":53,"column":null}},"12":{"start":{"line":52,"column":8},"end":{"line":52,"column":82}},"13":{"start":{"line":54,"column":6},"end":{"line":56,"column":null}},"14":{"start":{"line":55,"column":8},"end":{"line":55,"column":89}},"15":{"start":{"line":61,"column":21},"end":{"line":61,"column":42}},"16":{"start":{"line":62,"column":29},"end":{"line":62,"column":52}},"17":{"start":{"line":63,"column":37},"end":{"line":63,"column":64}},"18":{"start":{"line":64,"column":33},"end":{"line":64,"column":58}},"19":{"start":{"line":65,"column":29},"end":{"line":65,"column":58}},"20":{"start":{"line":66,"column":41},"end":{"line":66,"column":70}},"21":{"start":{"line":67,"column":36},"end":{"line":67,"column":60}},"22":{"start":{"line":68,"column":26},"end":{"line":68,"column":54}},"23":{"start":{"line":69,"column":26},"end":{"line":69,"column":54}},"24":{"start":{"line":70,"column":39},"end":{"line":70,"column":68}},"25":{"start":{"line":74,"column":4},"end":{"line":76,"column":null}},"26":{"start":{"line":75,"column":6},"end":{"line":75,"column":57}},"27":{"start":{"line":77,"column":4},"end":{"line":77,"column":48}},"28":{"start":{"line":78,"column":4},"end":{"line":78,"column":39}},"29":{"start":{"line":79,"column":4},"end":{"line":79,"column":39}},"30":{"start":{"line":80,"column":4},"end":{"line":82,"column":null}},"31":{"start":{"line":81,"column":6},"end":{"line":81,"column":31}},"32":{"start":{"line":83,"column":4},"end":{"line":83,"column":38}},"33":{"start":{"line":87,"column":4},"end":{"line":89,"column":null}},"34":{"start":{"line":88,"column":6},"end":{"line":88,"column":56}},"35":{"start":{"line":90,"column":4},"end":{"line":92,"column":null}},"36":{"start":{"line":91,"column":6},"end":{"line":91,"column":71}},"37":{"start":{"line":93,"column":4},"end":{"line":93,"column":48}},"38":{"start":{"line":94,"column":4},"end":{"line":94,"column":39}},"39":{"start":{"line":95,"column":4},"end":{"line":95,"column":29}},"40":{"start":{"line":96,"column":4},"end":{"line":96,"column":38}},"41":{"start":{"line":100,"column":4},"end":{"line":102,"column":null}},"42":{"start":{"line":101,"column":6},"end":{"line":101,"column":54}},"43":{"start":{"line":103,"column":4},"end":{"line":105,"column":13}},"44":{"start":{"line":106,"column":4},"end":{"line":106,"column":38}},"45":{"start":{"line":17,"column":0},"end":{"line":17,"column":13}}},"fnMap":{"0":{"name":"(anonymous_0)","decl":{"start":{"line":20,"column":2},"end":{"line":20,"column":22}},"loc":{"start":{"line":20,"column":42},"end":{"line":25,"column":3}}},"1":{"name":"(anonymous_1)","decl":{"start":{"line":27,"column":9},"end":{"line":27,"column":15}},"loc":{"start":{"line":27,"column":94},"end":{"line":35,"column":3}}},"2":{"name":"(anonymous_2)","decl":{"start":{"line":37,"column":10},"end":{"line":37,"column":22}},"loc":{"start":{"line":37,"column":41},"end":{"line":41,"column":3}}},"3":{"name":"(anonymous_3)","decl":{"start":{"line":43,"column":10},"end":{"line":43,"column":24}},"loc":{"start":{"line":43,"column":47},"end":{"line":47,"column":3}}},"4":{"name":"(anonymous_4)","decl":{"start":{"line":49,"column":10},"end":{"line":49,"column":30}},"loc":{"start":{"line":49,"column":93},"end":{"line":58,"column":3}}},"5":{"name":"(anonymous_5)","decl":{"start":{"line":61,"column":2},"end":{"line":61,"column":6}},"loc":{"start":{"line":61,"column":8},"end":{"line":61,"column":44}}},"6":{"name":"(anonymous_6)","decl":{"start":{"line":62,"column":2},"end":{"line":62,"column":6}},"loc":{"start":{"line":62,"column":10},"end":{"line":62,"column":54}}},"7":{"name":"(anonymous_7)","decl":{"start":{"line":63,"column":2},"end":{"line":63,"column":6}},"loc":{"start":{"line":63,"column":14},"end":{"line":63,"column":66}}},"8":{"name":"(anonymous_8)","decl":{"start":{"line":64,"column":2},"end":{"line":64,"column":6}},"loc":{"start":{"line":64,"column":12},"end":{"line":64,"column":60}}},"9":{"name":"(anonymous_9)","decl":{"start":{"line":65,"column":2},"end":{"line":65,"column":6}},"loc":{"start":{"line":65,"column":16},"end":{"line":65,"column":60}}},"10":{"name":"(anonymous_10)","decl":{"start":{"line":66,"column":2},"end":{"line":66,"column":6}},"loc":{"start":{"line":66,"column":16},"end":{"line":66,"column":72}}},"11":{"name":"(anonymous_11)","decl":{"start":{"line":67,"column":2},"end":{"line":67,"column":6}},"loc":{"start":{"line":67,"column":11},"end":{"line":67,"column":62}}},"12":{"name":"(anonymous_12)","decl":{"start":{"line":68,"column":2},"end":{"line":68,"column":6}},"loc":{"start":{"line":68,"column":15},"end":{"line":68,"column":56}}},"13":{"name":"(anonymous_13)","decl":{"start":{"line":69,"column":2},"end":{"line":69,"column":6}},"loc":{"start":{"line":69,"column":15},"end":{"line":69,"column":56}}},"14":{"name":"(anonymous_14)","decl":{"start":{"line":70,"column":2},"end":{"line":70,"column":6}},"loc":{"start":{"line":70,"column":16},"end":{"line":70,"column":70}}},"15":{"name":"(anonymous_15)","decl":{"start":{"line":73,"column":9},"end":{"line":73,"column":15}},"loc":{"start":{"line":73,"column":50},"end":{"line":84,"column":3}}},"16":{"name":"(anonymous_16)","decl":{"start":{"line":86,"column":9},"end":{"line":86,"column":15}},"loc":{"start":{"line":86,"column":49},"end":{"line":97,"column":3}}},"17":{"name":"(anonymous_17)","decl":{"start":{"line":99,"column":9},"end":{"line":99,"column":16}},"loc":{"start":{"line":99,"column":29},"end":{"line":107,"column":3}}}},"branchMap":{"0":{"loc":{"start":{"line":38,"column":4},"end":{"line":40,"column":null}},"type":"if","locations":[{"start":{"line":38,"column":4},"end":{"line":40,"column":null}}]},"1":{"loc":{"start":{"line":44,"column":4},"end":{"line":46,"column":null}},"type":"if","locations":[{"start":{"line":44,"column":4},"end":{"line":46,"column":null}}]},"2":{"loc":{"start":{"line":50,"column":4},"end":{"line":57,"column":null}},"type":"if","locations":[{"start":{"line":50,"column":4},"end":{"line":57,"column":null}}]},"3":{"loc":{"start":{"line":51,"column":6},"end":{"line":53,"column":null}},"type":"if","locations":[{"start":{"line":51,"column":6},"end":{"line":53,"column":null}}]},"4":{"loc":{"start":{"line":54,"column":6},"end":{"line":56,"column":null}},"type":"if","locations":[{"start":{"line":54,"column":6},"end":{"line":56,"column":null}}]},"5":{"loc":{"start":{"line":74,"column":4},"end":{"line":76,"column":null}},"type":"if","locations":[{"start":{"line":74,"column":4},"end":{"line":76,"column":null}}]},"6":{"loc":{"start":{"line":80,"column":4},"end":{"line":82,"column":null}},"type":"if","locations":[{"start":{"line":80,"column":4},"end":{"line":82,"column":null}}]},"7":{"loc":{"start":{"line":87,"column":4},"end":{"line":89,"column":null}},"type":"if","locations":[{"start":{"line":87,"column":4},"end":{"line":89,"column":null}}]},"8":{"loc":{"start":{"line":90,"column":4},"end":{"line":92,"column":null}},"type":"if","locations":[{"start":{"line":90,"column":4},"end":{"line":92,"column":null}}]},"9":{"loc":{"start":{"line":100,"column":4},"end":{"line":102,"column":null}},"type":"if","locations":[{"start":{"line":100,"column":4},"end":{"line":102,"column":null}}]},"10":{"loc":{"start":{"line":103,"column":23},"end":{"line":105,"column":12}},"type":"cond-expr","locations":[{"start":{"line":104,"column":8},"end":{"line":104,"column":38}},{"start":{"line":105,"column":8},"end":{"line":105,"column":12}}]}},"s":{"0":1,"1":7,"2":6,"3":6,"4":6,"5":7,"6":7,"7":1,"8":6,"9":0,"10":6,"11":0,"12":0,"13":0,"14":0,"15":1,"16":1,"17":1,"18":3,"19":1,"20":3,"21":3,"22":1,"23":1,"24":2,"25":3,"26":1,"27":2,"28":2,"29":2,"30":2,"31":1,"32":2,"33":4,"34":1,"35":3,"36":1,"37":2,"38":2,"39":2,"40":2,"41":0,"42":0,"43":0,"44":0,"45":1},"f":{"0":7,"1":7,"2":7,"3":6,"4":6,"5":1,"6":1,"7":1,"8":3,"9":1,"10":3,"11":3,"12":1,"13":1,"14":2,"15":3,"16":4,"17":0},"b":{"0":[1],"1":[0],"2":[0],"3":[0],"4":[0],"5":[1],"6":[1],"7":[1],"8":[1],"9":[0],"10":[0,0]}}
,"/Users/roger/vscode/finalproject-RMT/src/domain/document/types/document-type.ts": {"path":"/Users/roger/vscode/finalproject-RMT/src/domain/document/types/document-type.ts","statementMap":{"0":{"start":{"line":1,"column":0},"end":{"line":1,"column":null}},"1":{"start":{"line":2,"column":2},"end":{"line":2,"column":null}},"2":{"start":{"line":3,"column":2},"end":{"line":3,"column":null}},"3":{"start":{"line":4,"column":2},"end":{"line":4,"column":null}},"4":{"start":{"line":5,"column":2},"end":{"line":5,"column":null}},"5":{"start":{"line":6,"column":2},"end":{"line":6,"column":null}},"6":{"start":{"line":7,"column":2},"end":{"line":7,"column":null}},"7":{"start":{"line":8,"column":2},"end":{"line":8,"column":null}},"8":{"start":{"line":11,"column":0},"end":{"line":11,"column":null}},"9":{"start":{"line":12,"column":2},"end":{"line":12,"column":null}},"10":{"start":{"line":13,"column":2},"end":{"line":13,"column":null}},"11":{"start":{"line":14,"column":2},"end":{"line":14,"column":null}}},"fnMap":{"0":{"name":"(anonymous_0)","decl":{"start":{"line":1,"column":0},"end":{"line":1,"column":12}},"loc":{"start":{"line":1,"column":24},"end":{"line":9,"column":1}}},"1":{"name":"(anonymous_1)","decl":{"start":{"line":11,"column":0},"end":{"line":11,"column":12}},"loc":{"start":{"line":11,"column":26},"end":{"line":15,"column":1}}}},"branchMap":{"0":{"loc":{"start":{"line":1,"column":12},"end":{"line":1,"column":null}},"type":"binary-expr","locations":[{"start":{"line":1,"column":12},"end":{"line":1,"column":24}},{"start":{"line":1,"column":12},"end":{"line":1,"column":null}}]},"1":{"loc":{"start":{"line":11,"column":12},"end":{"line":11,"column":null}},"type":"binary-expr","locations":[{"start":{"line":11,"column":12},"end":{"line":11,"column":26}},{"start":{"line":11,"column":12},"end":{"line":11,"column":null}}]}},"s":{"0":1,"1":1,"2":1,"3":1,"4":1,"5":1,"6":1,"7":1,"8":1,"9":1,"10":1,"11":1},"f":{"0":1,"1":1},"b":{"0":[1,1],"1":[1,1]}}
,"/Users/roger/vscode/finalproject-RMT/src/domain/document/value-objects/document-metadata.ts": {"path":"/Users/roger/vscode/finalproject-RMT/src/domain/document/value-objects/document-metadata.ts","statementMap":{"0":{"start":{"line":12,"column":4},"end":{"line":12,"column":42}},"1":{"start":{"line":13,"column":4},"end":{"line":13,"column":42}},"2":{"start":{"line":14,"column":4},"end":{"line":14,"column":34}},"3":{"start":{"line":15,"column":4},"end":{"line":15,"column":34}},"4":{"start":{"line":16,"column":4},"end":{"line":16,"column":23}},"5":{"start":{"line":20,"column":4},"end":{"line":20,"column":39}},"6":{"start":{"line":24,"column":4},"end":{"line":26,"column":null}},"7":{"start":{"line":25,"column":6},"end":{"line":25,"column":68}},"8":{"start":{"line":27,"column":4},"end":{"line":29,"column":null}},"9":{"start":{"line":28,"column":6},"end":{"line":28,"column":66}},"10":{"start":{"line":33,"column":27},"end":{"line":39,"column":6}},"11":{"start":{"line":40,"column":4},"end":{"line":42,"column":null}},"12":{"start":{"line":41,"column":6},"end":{"line":41,"column":54}},"13":{"start":{"line":46,"column":21},"end":{"line":46,"column":37}},"14":{"start":{"line":47,"column":4},"end":{"line":49,"column":null}},"15":{"start":{"line":48,"column":6},"end":{"line":48,"column":65}},"16":{"start":{"line":50,"column":4},"end":{"line":52,"column":null}},"17":{"start":{"line":51,"column":6},"end":{"line":51,"column":70}},"18":{"start":{"line":56,"column":4},"end":{"line":58,"column":null}},"19":{"start":{"line":57,"column":6},"end":{"line":57,"column":66}},"20":{"start":{"line":60,"column":24},"end":{"line":60,"column":41}},"21":{"start":{"line":61,"column":4},"end":{"line":63,"column":null}},"22":{"start":{"line":62,"column":6},"end":{"line":62,"column":50}},"23":{"start":{"line":66,"column":27},"end":{"line":66,"column":54}},"24":{"start":{"line":67,"column":27},"end":{"line":67,"column":54}},"25":{"start":{"line":68,"column":23},"end":{"line":68,"column":46}},"26":{"start":{"line":69,"column":23},"end":{"line":69,"column":46}},"27":{"start":{"line":8,"column":0},"end":{"line":8,"column":13}}},"fnMap":{"0":{"name":"(anonymous_0)","decl":{"start":{"line":11,"column":2},"end":{"line":11,"column":22}},"loc":{"start":{"line":11,"column":50},"end":{"line":17,"column":3}}},"1":{"name":"(anonymous_1)","decl":{"start":{"line":19,"column":9},"end":{"line":19,"column":15}},"loc":{"start":{"line":19,"column":51},"end":{"line":21,"column":3}}},"2":{"name":"(anonymous_2)","decl":{"start":{"line":23,"column":10},"end":{"line":23,"column":26}},"loc":{"start":{"line":23,"column":43},"end":{"line":30,"column":3}}},"3":{"name":"(anonymous_3)","decl":{"start":{"line":32,"column":10},"end":{"line":32,"column":26}},"loc":{"start":{"line":32,"column":43},"end":{"line":43,"column":3}}},"4":{"name":"(anonymous_4)","decl":{"start":{"line":45,"column":10},"end":{"line":45,"column":22}},"loc":{"start":{"line":45,"column":35},"end":{"line":53,"column":3}}},"5":{"name":"(anonymous_5)","decl":{"start":{"line":55,"column":10},"end":{"line":55,"column":22}},"loc":{"start":{"line":55,"column":35},"end":{"line":64,"column":3}}},"6":{"name":"(anonymous_6)","decl":{"start":{"line":66,"column":2},"end":{"line":66,"column":6}},"loc":{"start":{"line":66,"column":14},"end":{"line":66,"column":56}}},"7":{"name":"(anonymous_7)","decl":{"start":{"line":67,"column":2},"end":{"line":67,"column":6}},"loc":{"start":{"line":67,"column":14},"end":{"line":67,"column":56}}},"8":{"name":"(anonymous_8)","decl":{"start":{"line":68,"column":2},"end":{"line":68,"column":6}},"loc":{"start":{"line":68,"column":10},"end":{"line":68,"column":48}}},"9":{"name":"(anonymous_9)","decl":{"start":{"line":69,"column":2},"end":{"line":69,"column":6}},"loc":{"start":{"line":69,"column":10},"end":{"line":69,"column":48}}}},"branchMap":{"0":{"loc":{"start":{"line":24,"column":4},"end":{"line":26,"column":null}},"type":"if","locations":[{"start":{"line":24,"column":4},"end":{"line":26,"column":null}}]},"1":{"loc":{"start":{"line":27,"column":4},"end":{"line":29,"column":null}},"type":"if","locations":[{"start":{"line":27,"column":4},"end":{"line":29,"column":null}}]},"2":{"loc":{"start":{"line":40,"column":4},"end":{"line":42,"column":null}},"type":"if","locations":[{"start":{"line":40,"column":4},"end":{"line":42,"column":null}}]},"3":{"loc":{"start":{"line":47,"column":4},"end":{"line":49,"column":null}},"type":"if","locations":[{"start":{"line":47,"column":4},"end":{"line":49,"column":null}}]},"4":{"loc":{"start":{"line":50,"column":4},"end":{"line":52,"column":null}},"type":"if","locations":[{"start":{"line":50,"column":4},"end":{"line":52,"column":null}}]},"5":{"loc":{"start":{"line":56,"column":4},"end":{"line":58,"column":null}},"type":"if","locations":[{"start":{"line":56,"column":4},"end":{"line":58,"column":null}}]},"6":{"loc":{"start":{"line":61,"column":4},"end":{"line":63,"column":null}},"type":"if","locations":[{"start":{"line":61,"column":4},"end":{"line":63,"column":null}}]}},"s":{"0":18,"1":15,"2":14,"3":11,"4":7,"5":18,"6":18,"7":2,"8":16,"9":1,"10":15,"11":15,"12":1,"13":14,"14":14,"15":2,"16":12,"17":1,"18":11,"19":2,"20":9,"21":9,"22":2,"23":1,"24":1,"25":1,"26":1,"27":2},"f":{"0":18,"1":18,"2":18,"3":15,"4":14,"5":11,"6":1,"7":1,"8":1,"9":1},"b":{"0":[2],"1":[1],"2":[1],"3":[2],"4":[1],"5":[2],"6":[2]}}
,"/Users/roger/vscode/finalproject-RMT/src/domain/investment/entity/investment.ts": {"path":"/Users/roger/vscode/finalproject-RMT/src/domain/investment/entity/investment.ts","statementMap":{"0":{"start":{"line":1,"column":0},"end":{"line":1,"column":62}},"1":{"start":{"line":18,"column":4},"end":{"line":18,"column":38}},"2":{"start":{"line":19,"column":4},"end":{"line":19,"column":23}},"3":{"start":{"line":23,"column":4},"end":{"line":28,"column":7}},"4":{"start":{"line":32,"column":4},"end":{"line":34,"column":null}},"5":{"start":{"line":33,"column":6},"end":{"line":33,"column":65}},"6":{"start":{"line":38,"column":21},"end":{"line":38,"column":42}},"7":{"start":{"line":39,"column":29},"end":{"line":39,"column":58}},"8":{"start":{"line":40,"column":29},"end":{"line":40,"column":58}},"9":{"start":{"line":41,"column":25},"end":{"line":41,"column":50}},"10":{"start":{"line":42,"column":35},"end":{"line":42,"column":60}},"11":{"start":{"line":43,"column":36},"end":{"line":43,"column":60}},"12":{"start":{"line":44,"column":26},"end":{"line":44,"column":54}},"13":{"start":{"line":45,"column":26},"end":{"line":45,"column":54}},"14":{"start":{"line":49,"column":4},"end":{"line":51,"column":null}},"15":{"start":{"line":50,"column":6},"end":{"line":50,"column":82}},"16":{"start":{"line":52,"column":4},"end":{"line":52,"column":52}},"17":{"start":{"line":53,"column":4},"end":{"line":53,"column":38}},"18":{"start":{"line":57,"column":4},"end":{"line":59,"column":null}},"19":{"start":{"line":58,"column":6},"end":{"line":58,"column":73}},"20":{"start":{"line":60,"column":4},"end":{"line":60,"column":51}},"21":{"start":{"line":61,"column":4},"end":{"line":61,"column":38}},"22":{"start":{"line":65,"column":4},"end":{"line":67,"column":null}},"23":{"start":{"line":66,"column":6},"end":{"line":66,"column":71}},"24":{"start":{"line":68,"column":4},"end":{"line":68,"column":51}},"25":{"start":{"line":69,"column":4},"end":{"line":71,"column":null}},"26":{"start":{"line":70,"column":6},"end":{"line":70,"column":32}},"27":{"start":{"line":72,"column":4},"end":{"line":72,"column":38}},"28":{"start":{"line":76,"column":4},"end":{"line":78,"column":13}},"29":{"start":{"line":79,"column":4},"end":{"line":79,"column":38}},"30":{"start":{"line":14,"column":0},"end":{"line":14,"column":13}}},"fnMap":{"0":{"name":"(anonymous_0)","decl":{"start":{"line":17,"column":2},"end":{"line":17,"column":22}},"loc":{"start":{"line":17,"column":44},"end":{"line":20,"column":3}}},"1":{"name":"(anonymous_1)","decl":{"start":{"line":22,"column":9},"end":{"line":22,"column":15}},"loc":{"start":{"line":22,"column":85},"end":{"line":29,"column":3}}},"2":{"name":"(anonymous_2)","decl":{"start":{"line":31,"column":10},"end":{"line":31,"column":24}},"loc":{"start":{"line":31,"column":39},"end":{"line":35,"column":3}}},"3":{"name":"(anonymous_3)","decl":{"start":{"line":38,"column":2},"end":{"line":38,"column":6}},"loc":{"start":{"line":38,"column":8},"end":{"line":38,"column":44}}},"4":{"name":"(anonymous_4)","decl":{"start":{"line":39,"column":2},"end":{"line":39,"column":6}},"loc":{"start":{"line":39,"column":16},"end":{"line":39,"column":60}}},"5":{"name":"(anonymous_5)","decl":{"start":{"line":40,"column":2},"end":{"line":40,"column":6}},"loc":{"start":{"line":40,"column":16},"end":{"line":40,"column":60}}},"6":{"name":"(anonymous_6)","decl":{"start":{"line":41,"column":2},"end":{"line":41,"column":6}},"loc":{"start":{"line":41,"column":12},"end":{"line":41,"column":52}}},"7":{"name":"(anonymous_7)","decl":{"start":{"line":42,"column":2},"end":{"line":42,"column":6}},"loc":{"start":{"line":42,"column":12},"end":{"line":42,"column":62}}},"8":{"name":"(anonymous_8)","decl":{"start":{"line":43,"column":2},"end":{"line":43,"column":6}},"loc":{"start":{"line":43,"column":11},"end":{"line":43,"column":62}}},"9":{"name":"(anonymous_9)","decl":{"start":{"line":44,"column":2},"end":{"line":44,"column":6}},"loc":{"start":{"line":44,"column":15},"end":{"line":44,"column":56}}},"10":{"name":"(anonymous_10)","decl":{"start":{"line":45,"column":2},"end":{"line":45,"column":6}},"loc":{"start":{"line":45,"column":15},"end":{"line":45,"column":56}}},"11":{"name":"(anonymous_11)","decl":{"start":{"line":48,"column":9},"end":{"line":48,"column":16}},"loc":{"start":{"line":48,"column":16},"end":{"line":54,"column":3}}},"12":{"name":"(anonymous_12)","decl":{"start":{"line":56,"column":9},"end":{"line":56,"column":17}},"loc":{"start":{"line":56,"column":17},"end":{"line":62,"column":3}}},"13":{"name":"(anonymous_13)","decl":{"start":{"line":64,"column":9},"end":{"line":64,"column":15}},"loc":{"start":{"line":64,"column":31},"end":{"line":73,"column":3}}},"14":{"name":"(anonymous_14)","decl":{"start":{"line":75,"column":9},"end":{"line":75,"column":16}},"loc":{"start":{"line":75,"column":29},"end":{"line":80,"column":3}}}},"branchMap":{"0":{"loc":{"start":{"line":32,"column":4},"end":{"line":34,"column":null}},"type":"if","locations":[{"start":{"line":32,"column":4},"end":{"line":34,"column":null}}]},"1":{"loc":{"start":{"line":49,"column":4},"end":{"line":51,"column":null}},"type":"if","locations":[{"start":{"line":49,"column":4},"end":{"line":51,"column":null}}]},"2":{"loc":{"start":{"line":57,"column":4},"end":{"line":59,"column":null}},"type":"if","locations":[{"start":{"line":57,"column":4},"end":{"line":59,"column":null}}]},"3":{"loc":{"start":{"line":65,"column":4},"end":{"line":67,"column":null}},"type":"if","locations":[{"start":{"line":65,"column":4},"end":{"line":67,"column":null}}]},"4":{"loc":{"start":{"line":69,"column":4},"end":{"line":71,"column":null}},"type":"if","locations":[{"start":{"line":69,"column":4},"end":{"line":71,"column":null}}]},"5":{"loc":{"start":{"line":76,"column":23},"end":{"line":78,"column":12}},"type":"cond-expr","locations":[{"start":{"line":77,"column":8},"end":{"line":77,"column":38}},{"start":{"line":78,"column":8},"end":{"line":78,"column":12}}]}},"s":{"0":1,"1":12,"2":10,"3":12,"4":12,"5":2,"6":1,"7":1,"8":1,"9":1,"10":4,"11":4,"12":1,"13":2,"14":3,"15":1,"16":2,"17":2,"18":2,"19":1,"20":1,"21":1,"22":2,"23":1,"24":1,"25":1,"26":1,"27":1,"28":2,"29":2,"30":1},"f":{"0":12,"1":12,"2":12,"3":1,"4":1,"5":1,"6":1,"7":4,"8":4,"9":1,"10":2,"11":3,"12":2,"13":2,"14":2},"b":{"0":[2],"1":[1],"2":[1],"3":[1],"4":[1],"5":[1,1]}}
,"/Users/roger/vscode/finalproject-RMT/src/domain/investment/types/investment-status.ts": {"path":"/Users/roger/vscode/finalproject-RMT/src/domain/investment/types/investment-status.ts","statementMap":{"0":{"start":{"line":1,"column":0},"end":{"line":1,"column":null}},"1":{"start":{"line":2,"column":2},"end":{"line":2,"column":null}},"2":{"start":{"line":3,"column":2},"end":{"line":3,"column":null}},"3":{"start":{"line":4,"column":2},"end":{"line":4,"column":null}},"4":{"start":{"line":5,"column":2},"end":{"line":5,"column":null}}},"fnMap":{"0":{"name":"(anonymous_0)","decl":{"start":{"line":1,"column":0},"end":{"line":1,"column":12}},"loc":{"start":{"line":1,"column":28},"end":{"line":6,"column":1}}}},"branchMap":{"0":{"loc":{"start":{"line":1,"column":12},"end":{"line":1,"column":null}},"type":"binary-expr","locations":[{"start":{"line":1,"column":12},"end":{"line":1,"column":28}},{"start":{"line":1,"column":12},"end":{"line":1,"column":null}}]}},"s":{"0":1,"1":1,"2":1,"3":1,"4":1},"f":{"0":1},"b":{"0":[1,1]}}
,"/Users/roger/vscode/finalproject-RMT/src/domain/property/aggregate/property-aggregate.ts": {"path":"/Users/roger/vscode/finalproject-RMT/src/domain/property/aggregate/property-aggregate.ts","statementMap":{"0":{"start":{"line":1,"column":0},"end":{"line":1,"column":9}},"1":{"start":{"line":42,"column":9},"end":{"line":1,"column":46}},"2":{"start":{"line":4,"column":0},"end":{"line":4,"column":72}},"3":{"start":{"line":8,"column":21},"end":{"line":8,"column":40}},"4":{"start":{"line":9,"column":21},"end":{"line":9,"column":40}},"5":{"start":{"line":13,"column":4},"end":{"line":13,"column":53}},"6":{"start":{"line":17,"column":4},"end":{"line":17,"column":26}},"7":{"start":{"line":21,"column":4},"end":{"line":21,"column":35}},"8":{"start":{"line":25,"column":21},"end":{"line":25,"column":39}},"9":{"start":{"line":26,"column":4},"end":{"line":28,"column":null}},"10":{"start":{"line":27,"column":6},"end":{"line":27,"column":18}},"11":{"start":{"line":29,"column":4},"end":{"line":29,"column":41}},"12":{"start":{"line":33,"column":4},"end":{"line":33,"column":48}},"13":{"start":{"line":37,"column":4},"end":{"line":37,"column":41}},"14":{"start":{"line":38,"column":4},"end":{"line":38,"column":72}},"15":{"start":{"line":6,"column":0},"end":{"line":6,"column":13}}},"fnMap":{"0":{"name":"(anonymous_0)","decl":{"start":{"line":42,"column":9},"end":{"line":42,"column":17}},"loc":{"start":{"line":42,"column":9},"end":{"line":1,"column":46}}},"1":{"name":"(anonymous_1)","decl":{"start":{"line":7,"column":2},"end":{"line":7,"column":null}},"loc":{"start":{"line":9,"column":40},"end":{"line":10,"column":6}}},"2":{"name":"(anonymous_2)","decl":{"start":{"line":12,"column":2},"end":{"line":12,"column":8}},"loc":{"start":{"line":12,"column":54},"end":{"line":14,"column":3}}},"3":{"name":"(anonymous_3)","decl":{"start":{"line":16,"column":2},"end":{"line":16,"column":6}},"loc":{"start":{"line":16,"column":14},"end":{"line":18,"column":3}}},"4":{"name":"(anonymous_4)","decl":{"start":{"line":20,"column":2},"end":{"line":20,"column":13}},"loc":{"start":{"line":20,"column":13},"end":{"line":22,"column":3}}},"5":{"name":"(anonymous_5)","decl":{"start":{"line":24,"column":2},"end":{"line":24,"column":19}},"loc":{"start":{"line":24,"column":19},"end":{"line":30,"column":3}}},"6":{"name":"(anonymous_6)","decl":{"start":{"line":32,"column":2},"end":{"line":32,"column":21}},"loc":{"start":{"line":32,"column":21},"end":{"line":34,"column":3}}},"7":{"name":"(anonymous_7)","decl":{"start":{"line":36,"column":2},"end":{"line":36,"column":13}},"loc":{"start":{"line":36,"column":32},"end":{"line":39,"column":3}}}},"branchMap":{"0":{"loc":{"start":{"line":26,"column":4},"end":{"line":28,"column":null}},"type":"if","locations":[{"start":{"line":26,"column":4},"end":{"line":28,"column":null}}]}},"s":{"0":1,"1":1,"2":1,"3":1,"4":1,"5":1,"6":0,"7":2,"8":0,"9":0,"10":0,"11":0,"12":1,"13":1,"14":1,"15":1},"f":{"0":0,"1":1,"2":1,"3":0,"4":2,"5":0,"6":1,"7":1},"b":{"0":[0]}}
,"/Users/roger/vscode/finalproject-RMT/src/domain/property/entity/analysis.ts": {"path":"/Users/roger/vscode/finalproject-RMT/src/domain/property/entity/analysis.ts","statementMap":{"0":{"start":{"line":16,"column":21},"end":{"line":16,"column":32}},"1":{"start":{"line":17,"column":21},"end":{"line":17,"column":40}},"2":{"start":{"line":18,"column":21},"end":{"line":18,"column":43}},"3":{"start":{"line":19,"column":21},"end":{"line":19,"column":38}},"4":{"start":{"line":20,"column":21},"end":{"line":20,"column":33}},"5":{"start":{"line":21,"column":21},"end":{"line":21,"column":56}},"6":{"start":{"line":22,"column":21},"end":{"line":22,"column":37}},"7":{"start":{"line":23,"column":21},"end":{"line":23,"column":37}},"8":{"start":{"line":25,"column":4},"end":{"line":25,"column":20}},"9":{"start":{"line":29,"column":16},"end":{"line":29,"column":26}},"10":{"start":{"line":30,"column":4},"end":{"line":39,"column":6}},"11":{"start":{"line":43,"column":4},"end":{"line":43,"column":20}},"12":{"start":{"line":47,"column":4},"end":{"line":47,"column":28}},"13":{"start":{"line":51,"column":4},"end":{"line":51,"column":31}},"14":{"start":{"line":55,"column":4},"end":{"line":55,"column":26}},"15":{"start":{"line":59,"column":4},"end":{"line":59,"column":21}},"16":{"start":{"line":63,"column":4},"end":{"line":63,"column":48}},"17":{"start":{"line":67,"column":4},"end":{"line":67,"column":31}},"18":{"start":{"line":71,"column":4},"end":{"line":71,"column":34}},"19":{"start":{"line":75,"column":4},"end":{"line":77,"column":null}},"20":{"start":{"line":76,"column":6},"end":{"line":76,"column":66}},"21":{"start":{"line":79,"column":4},"end":{"line":81,"column":null}},"22":{"start":{"line":80,"column":6},"end":{"line":80,"column":60}},"23":{"start":{"line":83,"column":4},"end":{"line":85,"column":null}},"24":{"start":{"line":84,"column":6},"end":{"line":84,"column":51}},"25":{"start":{"line":14,"column":0},"end":{"line":14,"column":13}}},"fnMap":{"0":{"name":"(anonymous_0)","decl":{"start":{"line":15,"column":2},"end":{"line":15,"column":null}},"loc":{"start":{"line":23,"column":37},"end":{"line":26,"column":3}}},"1":{"name":"(anonymous_1)","decl":{"start":{"line":28,"column":2},"end":{"line":28,"column":8}},"loc":{"start":{"line":28,"column":76},"end":{"line":40,"column":3}}},"2":{"name":"(anonymous_2)","decl":{"start":{"line":42,"column":2},"end":{"line":42,"column":6}},"loc":{"start":{"line":42,"column":8},"end":{"line":44,"column":3}}},"3":{"name":"(anonymous_3)","decl":{"start":{"line":46,"column":2},"end":{"line":46,"column":6}},"loc":{"start":{"line":46,"column":16},"end":{"line":48,"column":3}}},"4":{"name":"(anonymous_4)","decl":{"start":{"line":50,"column":2},"end":{"line":50,"column":6}},"loc":{"start":{"line":50,"column":19},"end":{"line":52,"column":3}}},"5":{"name":"(anonymous_5)","decl":{"start":{"line":54,"column":2},"end":{"line":54,"column":6}},"loc":{"start":{"line":54,"column":14},"end":{"line":56,"column":3}}},"6":{"name":"(anonymous_6)","decl":{"start":{"line":58,"column":2},"end":{"line":58,"column":6}},"loc":{"start":{"line":58,"column":9},"end":{"line":60,"column":3}}},"7":{"name":"(anonymous_7)","decl":{"start":{"line":62,"column":2},"end":{"line":62,"column":6}},"loc":{"start":{"line":62,"column":15},"end":{"line":64,"column":3}}},"8":{"name":"(anonymous_8)","decl":{"start":{"line":66,"column":2},"end":{"line":66,"column":6}},"loc":{"start":{"line":66,"column":18},"end":{"line":68,"column":3}}},"9":{"name":"(anonymous_9)","decl":{"start":{"line":70,"column":2},"end":{"line":70,"column":6}},"loc":{"start":{"line":70,"column":22},"end":{"line":72,"column":3}}},"10":{"name":"(anonymous_10)","decl":{"start":{"line":74,"column":10},"end":{"line":74,"column":18}},"loc":{"start":{"line":74,"column":18},"end":{"line":86,"column":3}}}},"branchMap":{"0":{"loc":{"start":{"line":75,"column":4},"end":{"line":77,"column":null}},"type":"if","locations":[{"start":{"line":75,"column":4},"end":{"line":77,"column":null}}]},"1":{"loc":{"start":{"line":79,"column":4},"end":{"line":81,"column":null}},"type":"if","locations":[{"start":{"line":79,"column":4},"end":{"line":81,"column":null}}]},"2":{"loc":{"start":{"line":83,"column":4},"end":{"line":85,"column":null}},"type":"if","locations":[{"start":{"line":83,"column":4},"end":{"line":85,"column":null}}]}},"s":{"0":8,"1":8,"2":8,"3":8,"4":8,"5":8,"6":8,"7":8,"8":8,"9":8,"10":8,"11":0,"12":0,"13":2,"14":2,"15":1,"16":6,"17":3,"18":0,"19":8,"20":1,"21":7,"22":1,"23":6,"24":1,"25":3},"f":{"0":8,"1":8,"2":0,"3":0,"4":2,"5":2,"6":1,"7":6,"8":3,"9":0,"10":8},"b":{"0":[1],"1":[1],"2":[1]}}
,"/Users/roger/vscode/finalproject-RMT/src/domain/property/entity/property.ts": {"path":"/Users/roger/vscode/finalproject-RMT/src/domain/property/entity/property.ts","statementMap":{"0":{"start":{"line":1,"column":0},"end":{"line":1,"column":58}},"1":{"start":{"line":32,"column":21},"end":{"line":32,"column":32}},"2":{"start":{"line":33,"column":21},"end":{"line":33,"column":35}},"3":{"start":{"line":36,"column":21},"end":{"line":36,"column":37}},"4":{"start":{"line":37,"column":21},"end":{"line":37,"column":40}},"5":{"start":{"line":38,"column":21},"end":{"line":38,"column":null}},"6":{"start":{"line":43,"column":21},"end":{"line":43,"column":48}},"7":{"start":{"line":44,"column":12},"end":{"line":44,"column":38}},"8":{"start":{"line":45,"column":21},"end":{"line":45,"column":40}},"9":{"start":{"line":29,"column":10},"end":{"line":29,"column":37}},"10":{"start":{"line":48,"column":4},"end":{"line":48,"column":24}},"11":{"start":{"line":49,"column":4},"end":{"line":49,"column":36}},"12":{"start":{"line":50,"column":4},"end":{"line":50,"column":24}},"13":{"start":{"line":51,"column":4},"end":{"line":51,"column":32}},"14":{"start":{"line":55,"column":21},"end":{"line":55,"column":37}},"15":{"start":{"line":56,"column":24},"end":{"line":56,"column":43}},"16":{"start":{"line":57,"column":24},"end":{"line":57,"column":43}},"17":{"start":{"line":58,"column":30},"end":{"line":58,"column":55}},"18":{"start":{"line":59,"column":26},"end":{"line":59,"column":47}},"19":{"start":{"line":60,"column":29},"end":{"line":60,"column":47}},"20":{"start":{"line":61,"column":60},"end":{"line":61,"column":82}},"21":{"start":{"line":62,"column":24},"end":{"line":62,"column":43}},"22":{"start":{"line":63,"column":37},"end":{"line":63,"column":59}},"23":{"start":{"line":64,"column":33},"end":{"line":64,"column":53}},"24":{"start":{"line":65,"column":26},"end":{"line":65,"column":49}},"25":{"start":{"line":66,"column":26},"end":{"line":66,"column":49}},"26":{"start":{"line":68,"column":4},"end":{"line":68,"column":26}},"27":{"start":{"line":72,"column":4},"end":{"line":72,"column":31}},"28":{"start":{"line":76,"column":4},"end":{"line":76,"column":46}},"29":{"start":{"line":76,"column":37},"end":{"line":76,"column":46}},"30":{"start":{"line":77,"column":21},"end":{"line":77,"column":84}},"31":{"start":{"line":77,"column":62},"end":{"line":77,"column":80}},"32":{"start":{"line":78,"column":4},"end":{"line":78,"column":44}},"33":{"start":{"line":83,"column":4},"end":{"line":85,"column":null}},"34":{"start":{"line":84,"column":6},"end":{"line":84,"column":56}},"35":{"start":{"line":86,"column":4},"end":{"line":88,"column":null}},"36":{"start":{"line":87,"column":6},"end":{"line":87,"column":71}},"37":{"start":{"line":89,"column":4},"end":{"line":89,"column":24}},"38":{"start":{"line":90,"column":4},"end":{"line":90,"column":33}},"39":{"start":{"line":94,"column":4},"end":{"line":96,"column":null}},"40":{"start":{"line":95,"column":6},"end":{"line":95,"column":76}},"41":{"start":{"line":97,"column":4},"end":{"line":97,"column":36}},"42":{"start":{"line":98,"column":4},"end":{"line":98,"column":33}},"43":{"start":{"line":102,"column":4},"end":{"line":104,"column":null}},"44":{"start":{"line":103,"column":6},"end":{"line":103,"column":53}},"45":{"start":{"line":105,"column":4},"end":{"line":105,"column":24}},"46":{"start":{"line":106,"column":4},"end":{"line":106,"column":33}},"47":{"start":{"line":111,"column":4},"end":{"line":113,"column":null}},"48":{"start":{"line":112,"column":6},"end":{"line":112,"column":80}},"49":{"start":{"line":114,"column":4},"end":{"line":114,"column":44}},"50":{"start":{"line":115,"column":4},"end":{"line":115,"column":33}},"51":{"start":{"line":119,"column":4},"end":{"line":121,"column":null}},"52":{"start":{"line":120,"column":6},"end":{"line":120,"column":72}},"53":{"start":{"line":122,"column":4},"end":{"line":122,"column":43}},"54":{"start":{"line":123,"column":4},"end":{"line":123,"column":33}},"55":{"start":{"line":140,"column":4},"end":{"line":150,"column":6}},"56":{"start":{"line":155,"column":4},"end":{"line":155,"column":34}},"57":{"start":{"line":156,"column":4},"end":{"line":156,"column":33}},"58":{"start":{"line":24,"column":0},"end":{"line":24,"column":13}}},"fnMap":{"0":{"name":"(anonymous_0)","decl":{"start":{"line":31,"column":2},"end":{"line":31,"column":null}},"loc":{"start":{"line":46,"column":32},"end":{"line":52,"column":3}}},"1":{"name":"(anonymous_1)","decl":{"start":{"line":55,"column":2},"end":{"line":55,"column":6}},"loc":{"start":{"line":55,"column":8},"end":{"line":55,"column":39}}},"2":{"name":"(anonymous_2)","decl":{"start":{"line":56,"column":2},"end":{"line":56,"column":6}},"loc":{"start":{"line":56,"column":11},"end":{"line":56,"column":45}}},"3":{"name":"(anonymous_3)","decl":{"start":{"line":57,"column":2},"end":{"line":57,"column":6}},"loc":{"start":{"line":57,"column":11},"end":{"line":57,"column":45}}},"4":{"name":"(anonymous_4)","decl":{"start":{"line":58,"column":2},"end":{"line":58,"column":6}},"loc":{"start":{"line":58,"column":17},"end":{"line":58,"column":57}}},"5":{"name":"(anonymous_5)","decl":{"start":{"line":59,"column":2},"end":{"line":59,"column":6}},"loc":{"start":{"line":59,"column":13},"end":{"line":59,"column":49}}},"6":{"name":"(anonymous_6)","decl":{"start":{"line":60,"column":2},"end":{"line":60,"column":6}},"loc":{"start":{"line":60,"column":10},"end":{"line":60,"column":49}}},"7":{"name":"(anonymous_7)","decl":{"start":{"line":61,"column":2},"end":{"line":61,"column":6}},"loc":{"start":{"line":61,"column":14},"end":{"line":61,"column":84}}},"8":{"name":"(anonymous_8)","decl":{"start":{"line":62,"column":2},"end":{"line":62,"column":6}},"loc":{"start":{"line":62,"column":11},"end":{"line":62,"column":45}}},"9":{"name":"(anonymous_9)","decl":{"start":{"line":63,"column":2},"end":{"line":63,"column":6}},"loc":{"start":{"line":63,"column":14},"end":{"line":63,"column":61}}},"10":{"name":"(anonymous_10)","decl":{"start":{"line":64,"column":2},"end":{"line":64,"column":6}},"loc":{"start":{"line":64,"column":12},"end":{"line":64,"column":55}}},"11":{"name":"(anonymous_11)","decl":{"start":{"line":65,"column":2},"end":{"line":65,"column":6}},"loc":{"start":{"line":65,"column":15},"end":{"line":65,"column":51}}},"12":{"name":"(anonymous_12)","decl":{"start":{"line":66,"column":2},"end":{"line":66,"column":6}},"loc":{"start":{"line":66,"column":15},"end":{"line":66,"column":51}}},"13":{"name":"(anonymous_13)","decl":{"start":{"line":67,"column":2},"end":{"line":67,"column":13}},"loc":{"start":{"line":67,"column":13},"end":{"line":69,"column":3}}},"14":{"name":"(anonymous_14)","decl":{"start":{"line":71,"column":2},"end":{"line":71,"column":6}},"loc":{"start":{"line":71,"column":14},"end":{"line":73,"column":3}}},"15":{"name":"(anonymous_15)","decl":{"start":{"line":75,"column":2},"end":{"line":75,"column":21}},"loc":{"start":{"line":75,"column":21},"end":{"line":79,"column":3}}},"16":{"name":"(anonymous_16)","decl":{"start":{"line":77,"column":43},"end":{"line":77,"column":44}},"loc":{"start":{"line":77,"column":62},"end":{"line":77,"column":80}}},"17":{"name":"(anonymous_17)","decl":{"start":{"line":82,"column":2},"end":{"line":82,"column":13}},"loc":{"start":{"line":82,"column":27},"end":{"line":91,"column":3}}},"18":{"name":"(anonymous_18)","decl":{"start":{"line":93,"column":2},"end":{"line":93,"column":19}},"loc":{"start":{"line":93,"column":39},"end":{"line":99,"column":3}}},"19":{"name":"(anonymous_19)","decl":{"start":{"line":101,"column":2},"end":{"line":101,"column":13}},"loc":{"start":{"line":101,"column":27},"end":{"line":107,"column":3}}},"20":{"name":"(anonymous_20)","decl":{"start":{"line":110,"column":2},"end":{"line":110,"column":9}},"loc":{"start":{"line":110,"column":9},"end":{"line":116,"column":3}}},"21":{"name":"(anonymous_21)","decl":{"start":{"line":118,"column":2},"end":{"line":118,"column":9}},"loc":{"start":{"line":118,"column":9},"end":{"line":124,"column":3}}},"22":{"name":"(anonymous_22)","decl":{"start":{"line":127,"column":2},"end":{"line":127,"column":8}},"loc":{"start":{"line":139,"column":3},"end":{"line":151,"column":3}}},"23":{"name":"(anonymous_23)","decl":{"start":{"line":154,"column":2},"end":{"line":154,"column":13}},"loc":{"start":{"line":154,"column":32},"end":{"line":157,"column":3}}}},"branchMap":{"0":{"loc":{"start":{"line":44,"column":12},"end":{"line":44,"column":58}},"type":"default-arg","locations":[{"start":{"line":44,"column":38},"end":{"line":44,"column":58}}]},"1":{"loc":{"start":{"line":45,"column":21},"end":{"line":45,"column":50}},"type":"default-arg","locations":[{"start":{"line":45,"column":40},"end":{"line":45,"column":50}}]},"2":{"loc":{"start":{"line":46,"column":4},"end":{"line":46,"column":32}},"type":"default-arg","locations":[{"start":{"line":46,"column":22},"end":{"line":46,"column":32}}]},"3":{"loc":{"start":{"line":76,"column":4},"end":{"line":76,"column":46}},"type":"if","locations":[{"start":{"line":76,"column":4},"end":{"line":76,"column":46}}]},"4":{"loc":{"start":{"line":83,"column":4},"end":{"line":85,"column":null}},"type":"if","locations":[{"start":{"line":83,"column":4},"end":{"line":85,"column":null}}]},"5":{"loc":{"start":{"line":83,"column":8},"end":{"line":83,"column":43}},"type":"binary-expr","locations":[{"start":{"line":83,"column":8},"end":{"line":83,"column":14}},{"start":{"line":83,"column":18},"end":{"line":83,"column":43}}]},"6":{"loc":{"start":{"line":86,"column":4},"end":{"line":88,"column":null}},"type":"if","locations":[{"start":{"line":86,"column":4},"end":{"line":88,"column":null}}]},"7":{"loc":{"start":{"line":94,"column":4},"end":{"line":96,"column":null}},"type":"if","locations":[{"start":{"line":94,"column":4},"end":{"line":96,"column":null}}]},"8":{"loc":{"start":{"line":94,"column":8},"end":{"line":94,"column":47}},"type":"binary-expr","locations":[{"start":{"line":94,"column":8},"end":{"line":94,"column":19}},{"start":{"line":94,"column":23},"end":{"line":94,"column":47}}]},"9":{"loc":{"start":{"line":102,"column":4},"end":{"line":104,"column":null}},"type":"if","locations":[{"start":{"line":102,"column":4},"end":{"line":104,"column":null}}]},"10":{"loc":{"start":{"line":111,"column":4},"end":{"line":113,"column":null}},"type":"if","locations":[{"start":{"line":111,"column":4},"end":{"line":113,"column":null}}]},"11":{"loc":{"start":{"line":119,"column":4},"end":{"line":121,"column":null}},"type":"if","locations":[{"start":{"line":119,"column":4},"end":{"line":121,"column":null}}]}},"s":{"0":9,"1":26,"2":26,"3":26,"4":26,"5":26,"6":26,"7":26,"8":26,"9":26,"10":26,"11":26,"12":26,"13":26,"14":23,"15":0,"16":3,"17":4,"18":0,"19":0,"20":0,"21":3,"22":0,"23":9,"24":1,"25":1,"26":2,"27":2,"28":1,"29":0,"30":1,"31":1,"32":1,"33":5,"34":1,"35":4,"36":1,"37":3,"38":3,"39":4,"40":1,"41":3,"42":3,"43":4,"44":3,"45":1,"46":1,"47":7,"48":1,"49":6,"50":6,"51":2,"52":0,"53":2,"54":2,"55":26,"56":2,"57":2,"58":9},"f":{"0":26,"1":23,"2":0,"3":3,"4":4,"5":0,"6":0,"7":0,"8":3,"9":0,"10":9,"11":1,"12":1,"13":2,"14":2,"15":1,"16":1,"17":5,"18":4,"19":4,"20":7,"21":2,"22":26,"23":2},"b":{"0":[26],"1":[26],"2":[26],"3":[0],"4":[1],"5":[5,4],"6":[1],"7":[1],"8":[4,3],"9":[3],"10":[1],"11":[0]}}
,"/Users/roger/vscode/finalproject-RMT/src/domain/property/events/property-created.event.ts": {"path":"/Users/roger/vscode/finalproject-RMT/src/domain/property/events/property-created.event.ts","statementMap":{"0":{"start":{"line":6,"column":23},"end":{"line":6,"column":42}},"1":{"start":{"line":7,"column":4},"end":{"line":7,"column":33}},"2":{"start":{"line":11,"column":4},"end":{"line":11,"column":29}},"3":{"start":{"line":3,"column":0},"end":{"line":3,"column":13}}},"fnMap":{"0":{"name":"(anonymous_0)","decl":{"start":{"line":6,"column":2},"end":{"line":6,"column":23}},"loc":{"start":{"line":6,"column":42},"end":{"line":8,"column":3}}},"1":{"name":"(anonymous_1)","decl":{"start":{"line":10,"column":2},"end":{"line":10,"column":11}},"loc":{"start":{"line":10,"column":11},"end":{"line":12,"column":3}}}},"branchMap":{},"s":{"0":1,"1":1,"2":0,"3":1},"f":{"0":1,"1":0},"b":{}}
,"/Users/roger/vscode/finalproject-RMT/src/domain/property/events/property-deleted.event.ts": {"path":"/Users/roger/vscode/finalproject-RMT/src/domain/property/events/property-deleted.event.ts","statementMap":{"0":{"start":{"line":1,"column":0},"end":{"line":1,"column":63}},"1":{"start":{"line":6,"column":4},"end":{"line":6,"column":23}},"2":{"start":{"line":5,"column":31},"end":{"line":5,"column":49}},"3":{"start":{"line":10,"column":4},"end":{"line":10,"column":30}},"4":{"start":{"line":14,"column":4},"end":{"line":14,"column":25}},"5":{"start":{"line":4,"column":0},"end":{"line":4,"column":13}}},"fnMap":{"0":{"name":"(anonymous_0)","decl":{"start":{"line":5,"column":2},"end":{"line":5,"column":31}},"loc":{"start":{"line":5,"column":49},"end":{"line":7,"column":3}}},"1":{"name":"(anonymous_1)","decl":{"start":{"line":9,"column":2},"end":{"line":9,"column":11}},"loc":{"start":{"line":9,"column":11},"end":{"line":11,"column":3}}},"2":{"name":"(anonymous_2)","decl":{"start":{"line":13,"column":2},"end":{"line":13,"column":13}},"loc":{"start":{"line":13,"column":13},"end":{"line":15,"column":3}}}},"branchMap":{},"s":{"0":1,"1":1,"2":1,"3":0,"4":0,"5":1},"f":{"0":1,"1":0,"2":0},"b":{}}
,"/Users/roger/vscode/finalproject-RMT/src/domain/property/events/property-updated.event.ts": {"path":"/Users/roger/vscode/finalproject-RMT/src/domain/property/events/property-updated.event.ts","statementMap":{"0":{"start":{"line":6,"column":23},"end":{"line":6,"column":42}},"1":{"start":{"line":7,"column":4},"end":{"line":7,"column":33}},"2":{"start":{"line":11,"column":4},"end":{"line":11,"column":29}},"3":{"start":{"line":3,"column":0},"end":{"line":3,"column":13}}},"fnMap":{"0":{"name":"(anonymous_0)","decl":{"start":{"line":6,"column":2},"end":{"line":6,"column":23}},"loc":{"start":{"line":6,"column":42},"end":{"line":8,"column":3}}},"1":{"name":"(anonymous_1)","decl":{"start":{"line":10,"column":2},"end":{"line":10,"column":11}},"loc":{"start":{"line":10,"column":11},"end":{"line":12,"column":3}}}},"branchMap":{},"s":{"0":3,"1":3,"2":1,"3":2},"f":{"0":3,"1":1},"b":{}}
,"/Users/roger/vscode/finalproject-RMT/src/domain/property/types/property-status.ts": {"path":"/Users/roger/vscode/finalproject-RMT/src/domain/property/types/property-status.ts","statementMap":{"0":{"start":{"line":1,"column":0},"end":{"line":1,"column":null}},"1":{"start":{"line":2,"column":2},"end":{"line":2,"column":null}},"2":{"start":{"line":3,"column":2},"end":{"line":3,"column":null}},"3":{"start":{"line":4,"column":2},"end":{"line":4,"column":null}},"4":{"start":{"line":5,"column":2},"end":{"line":5,"column":null}}},"fnMap":{"0":{"name":"(anonymous_0)","decl":{"start":{"line":1,"column":0},"end":{"line":1,"column":12}},"loc":{"start":{"line":1,"column":26},"end":{"line":6,"column":1}}}},"branchMap":{"0":{"loc":{"start":{"line":1,"column":12},"end":{"line":1,"column":null}},"type":"binary-expr","locations":[{"start":{"line":1,"column":12},"end":{"line":1,"column":26}},{"start":{"line":1,"column":12},"end":{"line":1,"column":null}}]}},"s":{"0":9,"1":9,"2":9,"3":9,"4":9},"f":{"0":9},"b":{"0":[9,9]}}
,"/Users/roger/vscode/finalproject-RMT/src/domain/property/types/property-type.ts": {"path":"/Users/roger/vscode/finalproject-RMT/src/domain/property/types/property-type.ts","statementMap":{"0":{"start":{"line":1,"column":0},"end":{"line":1,"column":null}},"1":{"start":{"line":2,"column":2},"end":{"line":2,"column":null}},"2":{"start":{"line":3,"column":2},"end":{"line":3,"column":null}},"3":{"start":{"line":4,"column":2},"end":{"line":4,"column":null}},"4":{"start":{"line":5,"column":2},"end":{"line":5,"column":null}},"5":{"start":{"line":6,"column":2},"end":{"line":6,"column":null}},"6":{"start":{"line":7,"column":2},"end":{"line":7,"column":null}}},"fnMap":{"0":{"name":"(anonymous_0)","decl":{"start":{"line":1,"column":0},"end":{"line":1,"column":12}},"loc":{"start":{"line":1,"column":24},"end":{"line":8,"column":1}}}},"branchMap":{"0":{"loc":{"start":{"line":1,"column":12},"end":{"line":1,"column":null}},"type":"binary-expr","locations":[{"start":{"line":1,"column":12},"end":{"line":1,"column":24}},{"start":{"line":1,"column":12},"end":{"line":1,"column":null}}]}},"s":{"0":9,"1":9,"2":9,"3":9,"4":9,"5":9,"6":9},"f":{"0":9},"b":{"0":[9,9]}}
,"/Users/roger/vscode/finalproject-RMT/src/domain/property/value-objects/financial-metrics.ts": {"path":"/Users/roger/vscode/finalproject-RMT/src/domain/property/value-objects/financial-metrics.ts","statementMap":{"0":{"start":{"line":9,"column":21},"end":{"line":9,"column":33}},"1":{"start":{"line":10,"column":21},"end":{"line":10,"column":33}},"2":{"start":{"line":11,"column":21},"end":{"line":11,"column":43}},"3":{"start":{"line":12,"column":21},"end":{"line":12,"column":43}},"4":{"start":{"line":14,"column":4},"end":{"line":14,"column":20}},"5":{"start":{"line":23,"column":4},"end":{"line":28,"column":6}},"6":{"start":{"line":32,"column":4},"end":{"line":32,"column":21}},"7":{"start":{"line":36,"column":4},"end":{"line":36,"column":21}},"8":{"start":{"line":40,"column":4},"end":{"line":40,"column":31}},"9":{"start":{"line":44,"column":4},"end":{"line":44,"column":31}},"10":{"start":{"line":48,"column":4},"end":{"line":50,"column":null}},"11":{"start":{"line":49,"column":6},"end":{"line":49,"column":58}},"12":{"start":{"line":52,"column":4},"end":{"line":54,"column":null}},"13":{"start":{"line":53,"column":6},"end":{"line":53,"column":70}},"14":{"start":{"line":56,"column":4},"end":{"line":58,"column":null}},"15":{"start":{"line":57,"column":6},"end":{"line":57,"column":71}},"16":{"start":{"line":62,"column":4},"end":{"line":66,"column":6}},"17":{"start":{"line":7,"column":0},"end":{"line":7,"column":13}}},"fnMap":{"0":{"name":"(anonymous_0)","decl":{"start":{"line":8,"column":2},"end":{"line":8,"column":null}},"loc":{"start":{"line":12,"column":43},"end":{"line":15,"column":3}}},"1":{"name":"(anonymous_1)","decl":{"start":{"line":17,"column":2},"end":{"line":17,"column":8}},"loc":{"start":{"line":22,"column":3},"end":{"line":29,"column":3}}},"2":{"name":"(anonymous_2)","decl":{"start":{"line":31,"column":2},"end":{"line":31,"column":6}},"loc":{"start":{"line":31,"column":9},"end":{"line":33,"column":3}}},"3":{"name":"(anonymous_3)","decl":{"start":{"line":35,"column":2},"end":{"line":35,"column":6}},"loc":{"start":{"line":35,"column":9},"end":{"line":37,"column":3}}},"4":{"name":"(anonymous_4)","decl":{"start":{"line":39,"column":2},"end":{"line":39,"column":6}},"loc":{"start":{"line":39,"column":19},"end":{"line":41,"column":3}}},"5":{"name":"(anonymous_5)","decl":{"start":{"line":43,"column":2},"end":{"line":43,"column":6}},"loc":{"start":{"line":43,"colu
[...]
19,"column":22}},"loc":{"start":{"line":19,"column":38},"end":{"line":24,"column":3}}},"1":{"name":"(anonymous_1)","decl":{"start":{"line":26,"column":9},"end":{"line":26,"column":15}},"loc":{"start":{"line":26,"column":90},"end":{"line":34,"column":3}}},"2":{"name":"(anonymous_2)","decl":{"start":{"line":36,"column":10},"end":{"line":36,"column":23}},"loc":{"start":{"line":36,"column":37},"end":{"line":41,"column":3}}},"3":{"name":"(anonymous_3)","decl":{"start":{"line":43,"column":10},"end":{"line":43,"column":22}},"loc":{"start":{"line":43,"column":37},"end":{"line":47,"column":3}}},"4":{"name":"(anonymous_4)","decl":{"start":{"line":49,"column":10},"end":{"line":49,"column":24}},"loc":{"start":{"line":49,"column":43},"end":{"line":53,"column":3}}},"5":{"name":"(anonymous_5)","decl":{"start":{"line":56,"column":2},"end":{"line":56,"column":6}},"loc":{"start":{"line":56,"column":8},"end":{"line":56,"column":44}}},"6":{"name":"(anonymous_6)","decl":{"start":{"line":57,"column":2},"end":{"line":57,"column":6}},"loc":{"start":{"line":57,"column":11},"end":{"line":57,"column":50}}},"7":{"name":"(anonymous_7)","decl":{"start":{"line":58,"column":2},"end":{"line":58,"column":6}},"loc":{"start":{"line":58,"column":10},"end":{"line":58,"column":50}}},"8":{"name":"(anonymous_8)","decl":{"start":{"line":59,"column":2},"end":{"line":59,"column":6}},"loc":{"start":{"line":59,"column":12},"end":{"line":59,"column":56}}},"9":{"name":"(anonymous_9)","decl":{"start":{"line":60,"column":2},"end":{"line":60,"column":6}},"loc":{"start":{"line":60,"column":13},"end":{"line":60,"column":59}}},"10":{"name":"(anonymous_10)","decl":{"start":{"line":61,"column":2},"end":{"line":61,"column":6}},"loc":{"start":{"line":61,"column":16},"end":{"line":61,"column":70}}},"11":{"name":"(anonymous_11)","decl":{"start":{"line":62,"column":2},"end":{"line":62,"column":6}},"loc":{"start":{"line":62,"column":17},"end":{"line":62,"column":72}}},"12":{"name":"(anonymous_12)","decl":{"start":{"line":63,"column":2},"end":{"line":63,"column":6}},"loc":{"start":{"line":63,"column":15},"end":{"line":63,"column":56}}},"13":{"name":"(anonymous_13)","decl":{"start":{"line":64,"column":2},"end":{"line":64,"column":6}},"loc":{"start":{"line":64,"column":15},"end":{"line":64,"column":56}}},"14":{"name":"(anonymous_14)","decl":{"start":{"line":67,"column":9},"end":{"line":67,"column":15}},"loc":{"start":{"line":67,"column":15},"end":{"line":74,"column":3}}},"15":{"name":"(anonymous_15)","decl":{"start":{"line":76,"column":9},"end":{"line":76,"column":16}},"loc":{"start":{"line":76,"column":31},"end":{"line":85,"column":3}}},"16":{"name":"(anonymous_16)","decl":{"start":{"line":87,"column":9},"end":{"line":87,"column":17}},"loc":{"start":{"line":87,"column":17},"end":{"line":96,"column":3}}},"17":{"name":"(anonymous_17)","decl":{"start":{"line":98,"column":9},"end":{"line":98,"column":14}},"loc":{"start":{"line":98,"column":29},"end":{"line":107,"column":3}}},"18":{"name":"(anonymous_18)","decl":{"start":{"line":109,"column":9},"end":{"line":109,"column":22}},"loc":{"start":{"line":109,"column":43},"end":{"line":112,"column":3}}},"19":{"name":"(anonymous_19)","decl":{"start":{"line":114,"column":9},"end":{"line":114,"column":20}},"loc":{"start":{"line":114,"column":20},"end":{"line":117,"column":3}}}},"branchMap":{"0":{"loc":{"start":{"line":38,"column":4},"end":{"line":40,"column":null}},"type":"if","locations":[{"start":{"line":38,"column":4},"end":{"line":40,"column":null}}]},"1":{"loc":{"start":{"line":44,"column":4},"end":{"line":46,"column":null}},"type":"if","locations":[{"start":{"line":44,"column":4},"end":{"line":46,"column":null}}]},"2":{"loc":{"start":{"line":50,"column":4},"end":{"line":52,"column":null}},"type":"if","locations":[{"start":{"line":50,"column":4},"end":{"line":52,"column":null}}]},"3":{"loc":{"start":{"line":68,"column":4},"end":{"line":70,"column":null}},"type":"if","locations":[{"start":{"line":68,"column":4},"end":{"line":70,"column":null}}]},"4":{"loc":{"start":{"line":77,"column":4},"end":{"line":79,"column":null}},"type":"if","locations":[{"start":{"line":77,"column":4},"end":{"line":79,"column":null}}]},"5":{"loc":{"start":{"line":80,"column":4},"end":{"line":82,"column":null}},"type":"if","locations":[{"start":{"line":80,"column":4},"end":{"line":82,"column":null}}]},"6":{"loc":{"start":{"line":88,"column":4},"end":{"line":90,"column":null}},"type":"if","locations":[{"start":{"line":88,"column":4},"end":{"line":90,"column":null}}]},"7":{"loc":{"start":{"line":91,"column":4},"end":{"line":93,"column":null}},"type":"if","locations":[{"start":{"line":91,"column":4},"end":{"line":93,"column":null}}]},"8":{"loc":{"start":{"line":99,"column":4},"end":{"line":101,"column":null}},"type":"if","locations":[{"start":{"line":99,"column":4},"end":{"line":101,"column":null}}]},"9":{"loc":{"start":{"line":102,"column":4},"end":{"line":104,"column":null}},"type":"if","locations":[{"start":{"line":102,"column":4},"end":{"line":104,"column":null}}]},"10":{"loc":{"start":{"line":102,"column":9},"end":{"line":102,"column":23}},"type":"cond-expr","locations":[{"start":{"line":102,"column":15},"end":{"line":102,"column":17}},{"start":{"line":102,"column":9},"end":{"line":102,"column":23}}]},"11":{"loc":{"start":{"line":102,"column":9},"end":{"line":102,"column":17}},"type":"binary-expr","locations":[{"start":{"line":102,"column":9},"end":{"line":102,"column":17}},{"start":{"line":102,"column":9},"end":{"line":102,"column":17}}]}},"s":{"0":1,"1":14,"2":13,"3":12,"4":12,"5":14,"6":14,"7":14,"8":1,"9":13,"10":1,"11":12,"12":0,"13":1,"14":1,"15":1,"16":5,"17":2,"18":2,"19":2,"20":1,"21":1,"22":7,"23":1,"24":6,"25":6,"26":6,"27":5,"28":1,"29":4,"30":1,"31":3,"32":3,"33":2,"34":0,"35":2,"36":1,"37":1,"38":1,"39":3,"40":0,"41":3,"42":1,"43":2,"44":2,"45":1,"46":1,"47":1,"48":1,"49":1},"f":{"0":14,"1":14,"2":14,"3":13,"4":12,"5":1,"6":1,"7":1,"8":5,"9":2,"10":2,"11":2,"12":1,"13":1,"14":7,"15":5,"16":2,"17":3,"18":1,"19":1},"b":{"0":[1],"1":[1],"2":[0],"3":[1],"4":[1],"5":[1],"6":[0],"7":[1],"8":[0],"9":[1],"10":[0,3],"11":[3,3]}}
,"/Users/roger/vscode/finalproject-RMT/src/domain/user/types/user-role.ts": {"path":"/Users/roger/vscode/finalproject-RMT/src/domain/user/types/user-role.ts","statementMap":{"0":{"start":{"line":1,"column":0},"end":{"line":1,"column":null}},"1":{"start":{"line":2,"column":2},"end":{"line":2,"column":null}},"2":{"start":{"line":3,"column":2},"end":{"line":3,"column":null}},"3":{"start":{"line":4,"column":2},"end":{"line":4,"column":null}},"4":{"start":{"line":7,"column":0},"end":{"line":7,"column":null}},"5":{"start":{"line":8,"column":2},"end":{"line":8,"column":null}},"6":{"start":{"line":9,"column":2},"end":{"line":9,"column":null}},"7":{"start":{"line":10,"column":2},"end":{"line":10,"column":null}},"8":{"start":{"line":11,"column":2},"end":{"line":11,"column":27}}},"fnMap":{"0":{"name":"(anonymous_0)","decl":{"start":{"line":1,"column":0},"end":{"line":1,"column":12}},"loc":{"start":{"line":1,"column":20},"end":{"line":5,"column":1}}},"1":{"name":"(anonymous_1)","decl":{"start":{"line":7,"column":0},"end":{"line":7,"column":12}},"loc":{"start":{"line":7,"column":22},"end":{"line":12,"column":1}}}},"branchMap":{"0":{"loc":{"start":{"line":1,"column":12},"end":{"line":1,"column":null}},"type":"binary-expr","locations":[{"start":{"line":1,"column":12},"end":{"line":1,"column":20}},{"start":{"line":1,"column":12},"end":{"line":1,"column":null}}]},"1":{"loc":{"start":{"line":7,"column":12},"end":{"line":7,"column":null}},"type":"binary-expr","locations":[{"start":{"line":7,"column":12},"end":{"line":7,"column":22}},{"start":{"line":7,"column":12},"end":{"line":7,"column":null}}]}},"s":{"0":1,"1":1,"2":1,"3":1,"4":1,"5":1,"6":1,"7":1,"8":1},"f":{"0":1,"1":1},"b":{"0":[1,1],"1":[1,1]}}
,"/Users/roger/vscode/finalproject-RMT/src/domain/user/value-objects/user-profile.ts": {"path":"/Users/roger/vscode/finalproject-RMT/src/domain/user/value-objects/user-profile.ts","statementMap":{"0":{"start":{"line":15,"column":4},"end":{"line":15,"column":56}},"1":{"start":{"line":16,"column":4},"end":{"line":16,"column":53}},"2":{"start":{"line":16,"column":21},"end":{"line":16,"column":53}},"3":{"start":{"line":17,"column":4},"end":{"line":17,"column":47}},"4":{"start":{"line":17,"column":19},"end":{"line":17,"column":47}},"5":{"start":{"line":18,"column":4},"end":{"line":18,"column":85}},"6":{"start":{"line":18,"column":41},"end":{"line":18,"column":85}},"7":{"start":{"line":19,"column":4},"end":{"line":19,"column":30}},"8":{"start":{"line":23,"column":4},"end":{"line":23,"column":34}},"9":{"start":{"line":27,"column":4},"end":{"line":29,"column":null}},"10":{"start":{"line":28,"column":6},"end":{"line":28,"column":61}},"11":{"start":{"line":30,"column":4},"end":{"line":32,"column":null}},"12":{"start":{"line":31,"column":6},"end":{"line":31,"column":67}},"13":{"start":{"line":36,"column":23},"end":{"line":36,"column":41}},"14":{"start":{"line":37,"column":4},"end":{"line":39,"column":null}},"15":{"start":{"line":38,"column":6},"end":{"line":38,"column":54}},"16":{"start":{"line":43,"column":4},"end":{"line":45,"column":null}},"17":{"start":{"line":44,"column":6},"end":{"line":44,"column":74}},"18":{"start":{"line":49,"column":4},"end":{"line":49,"column":42}},"19":{"start":{"line":49,"column":35},"end":{"line":49,"column":42}},"20":{"start":{"line":51,"column":4},"end":{"line":53,"column":null}},"21":{"start":{"line":52,"column":6},"end":{"line":52,"column":70}},"22":{"start":{"line":54,"column":4},"end":{"line":56,"column":null}},"23":{"start":{"line":55,"column":6},"end":{"line":55,"column":68}},"24":{"start":{"line":59,"column":28},"end":{"line":59,"column":56}},"25":{"start":{"line":60,"column":27},"end":{"line":60,"column":54}},"26":{"start":{"line":61,"column":27},"end":{"line":61,"column":83}},"27":{"start":{"line":62,"column":36},"end":{"line":62,"column":60}},"28":{"start":{"line":63,"column":34},"end":{"line":63,"column":56}},"29":{"start":{"line":64,"column":42},"end":{"line":64,"column":72}},"30":{"start":{"line":65,"column":39},"end":{"line":65,"column":66}},"31":{"start":{"line":66,"column":38},"end":{"line":66,"column":64}},"32":{"start":{"line":69,"column":25},"end":{"line":69,"column":95}},"33":{"start":{"line":70,"column":24},"end":{"line":70,"column":91}},"34":{"start":{"line":72,"column":4},"end":{"line":74,"column":null}},"35":{"start":{"line":73,"column":6},"end":{"line":73,"column":52}},"36":{"start":{"line":76,"column":4},"end":{"line":78,"column":null}},"37":{"start":{"line":77,"column":6},"end":{"line":77,"column":55}},"38":{"start":{"line":77,"column":23},"end":{"line":77,"column":55}},"39":{"start":{"line":80,"column":4},"end":{"line":82,"column":null}},"40":{"start":{"line":81,"column":6},"end":{"line":81,"column":49}},"41":{"start":{"line":81,"column":21},"end":{"line":81,"column":49}},"42":{"start":{"line":84,"column":4},"end":{"line":86,"column":null}},"43":{"start":{"line":85,"column":6},"end":{"line":85,"column":50}},"44":{"start":{"line":88,"column":4},"end":{"line":93,"column":6}},"45":{"start":{"line":11,"column":0},"end":{"line":11,"column":13}}},"fnMap":{"0":{"name":"(anonymous_0)","decl":{"start":{"line":14,"column":2},"end":{"line":14,"column":22}},"loc":{"start":{"line":14,"column":45},"end":{"line":20,"column":3}}},"1":{"name":"(anonymous_1)","decl":{"start":{"line":22,"column":9},"end":{"line":22,"column":15}},"loc":{"start":{"line":22,"column":46},"end":{"line":24,"column":3}}},"2":{"name":"(anonymous_2)","decl":{"start":{"line":26,"column":10},"end":{"line":26,"column":23}},"loc":{"start":{"line":26,"column":59},"end":{"line":33,"column":3}}},"3":{"name":"(anonymous_3)","decl":{"start":{"line":35,"column":10},"end":{"line":35,"column":23}},"loc":{"start":{"line":35,"column":37},"end":{"line":40,"column":3}}},"4":{"name":"(anonymous_4)","decl":{"start":{"line":42,"column":10},"end":{"line":42,"column":21}},"loc":{"start":{"line":42,"column":33},"end":{"line":46,"column":3}}},"5":{"name":"(anonymous_5)","decl":{"start":{"line":48,"column":10},"end":{"line":48,"column":29}},"loc":{"start":{"line":48,"column":49},"end":{"line":57,"column":3}}},"6":{"name":"(anonymous_6)","decl":{"start":{"line":59,"column":2},"end":{"line":59,"column":6}},"loc":{"start":{"line":59,"column":15},"end":{"line":59,"column":58}}},"7":{"name":"(anonymous_7)","decl":{"start":{"line":60,"column":2},"end":{"line":60,"column":6}},"loc":{"start":{"line":60,"column":14},"end":{"line":60,"column":56}}},"8":{"name":"(anonymous_8)","decl":{"start":{"line":61,"column":2},"end":{"line":61,"column":6}},"loc":{"start":{"line":61,"column":14},"end":{"line":61,"column":85}}},"9":{"name":"(anonymous_9)","decl":{"start":{"line":62,"column":2},"end":{"line":62,"column":6}},"loc":{"start":{"line":62,"column":11},"end":{"line":62,"column":62}}},"10":{"name":"(anonymous_10)","decl":{"start":{"line":63,"column":2},"end":{"line":63,"column":6}},"loc":{"start":{"line":63,"column":9},"end":{"line":63,"column":58}}},"11":{"name":"(anonymous_11)","decl":{"start":{"line":64,"column":2},"end":{"line":64,"column":6}},"loc":{"start":{"line":64,"column":17},"end":{"line":64,"column":74}}},"12":{"name":"(anonymous_12)","decl":{"start":{"line":65,"column":2},"end":{"line":65,"column":6}},"loc":{"start":{"line":65,"column":14},"end":{"line":65,"column":68}}},"13":{"name":"(anonymous_13)","decl":{"start":{"line":66,"column":2},"end":{"line":66,"column":6}},"loc":{"start":{"line":66,"column":13},"end":{"line":66,"column":66}}},"14":{"name":"(anonymous_14)","decl":{"start":{"line":68,"column":9},"end":{"line":68,"column":15}},"loc":{"start":{"line":68,"column":48},"end":{"line":94,"column":3}}}},"branchMap":{"0":{"loc":{"start":{"line":16,"column":4},"end":{"line":16,"column":53}},"type":"if","locations":[{"start":{"line":16,"column":4},"end":{"line":16,"column":53}}]},"1":{"loc":{"start":{"line":17,"column":4},"end":{"line":17,"column":47}},"type":"if","locations":[{"start":{"line":17,"column":4},"end":{"line":17,"column":47}}]},"2":{"loc":{"start":{"line":18,"column":4},"end":{"line":18,"column":85}},"type":"if","locations":[{"start":{"line":18,"column":4},"end":{"line":18,"column":85}}]},"3":{"loc":{"start":{"line":27,"column":4},"end":{"line":29,"column":null}},"type":"if","locations":[{"start":{"line":27,"column":4},"end":{"line":29,"column":null}}]},"4":{"loc":{"start":{"line":27,"column":8},"end":{"line":27,"column":49}},"type":"binary-expr","locations":[{"start":{"line":27,"column":8},"end":{"line":27,"column":30}},{"start":{"line":27,"column":30},"end":{"line":27,"column":49}}]},"5":{"loc":{"start":{"line":27,"column":9},"end":{"line":27,"column":26}},"type":"cond-expr","locations":[{"start":{"line":27,"column":18},"end":{"line":27,"column":20}},{"start":{"line":27,"column":9},"end":{"line":27,"column":26}}]},"6":{"loc":{"start":{"line":27,"column":9},"end":{"line":27,"column":20}},"type":"binary-expr","locations":[{"start":{"line":27,"column":9},"end":{"line":27,"column":20}},{"start":{"line":27,"column":9},"end":{"line":27,"column":20}}]},"7":{"loc":{"start":{"line":27,"column":31},"end":{"line":27,"column":47}},"type":"cond-expr","locations":[{"start":{"line":27,"column":39},"end":{"line":27,"column":41}},{"start":{"line":27,"column":31},"end":{"line":27,"column":47}}]},"8":{"loc":{"start":{"line":27,"column":31},"end":{"line":27,"column":41}},"type":"binary-expr","locations":[{"start":{"line":27,"column":31},"end":{"line":27,"column":41}},{"start":{"line":27,"column":31},"end":{"line":27,"column":41}}]},"9":{"loc":{"start":{"line":30,"column":4},"end":{"line":32,"column":null}},"type":"if","locations":[{"start":{"line":30,"column":4},"end":{"line":32,"column":null}}]},"10":{"loc":{"start":{"line":30,"column":8},"end":{"line":30,"column":53}},"type":"binary-expr","locations":[{"start":{"line":30,"column":8},"end":{"line":30,"column":29}},{"start":{"line":30,"column":33},"end":{"line":30,"column":53}}]},"11":{"loc":{"start":{"line":37,"column":4},"end":{"line":39,"column":null}},"type":"if","locations":[{"start":{"line":37,"column":4},"end":{"line":39,"column":null}}]},"12":{"loc":{"start":{"line":43,"column":4},"end":{"line":45,"column":null}},"type":"if","locations":[{"start":{"line":43,"column":4},"end":{"line":45,"column":null}}]},"13":{"loc":{"start":{"line":49,"column":4},"end":{"line":49,"column":42}},"type":"if","locations":[{"start":{"line":49,"column":4},"end":{"line":49,"column":42}}]},"14":{"loc":{"start":{"line":51,"column":4},"end":{"line":53,"column":null}},"type":"if","locations":[{"start":{"line":51,"column":4},"end":{"line":53,"column":null}}]},"15":{"loc":{"start":{"line":54,"column":4},"end":{"line":56,"column":null}},"type":"if","locations":[{"start":{"line":54,"column":4},"end":{"line":56,"column":null}}]},"16":{"loc":{"start":{"line":69,"column":25},"end":{"line":69,"column":95}},"type":"cond-expr","locations":[{"start":{"line":69,"column":57},"end":{"line":69,"column":72}},{"start":{"line":69,"column":75},"end":{"line":69,"column":95}}]},"17":{"loc":{"start":{"line":70,"column":24},"end":{"line":70,"column":91}},"type":"cond-expr","locations":[{"start":{"line":70,"column":55},"end":{"line":70,"column":69}},{"start":{"line":70,"column":72},"end":{"line":70,"column":91}}]},"18":{"loc":{"start":{"line":72,"column":4},"end":{"line":74,"column":null}},"type":"if","locations":[{"start":{"line":72,"column":4},"end":{"line":74,"column":null}}]},"19":{"loc":{"start":{"line":72,"column":8},"end":{"line":72,"column":69}},"type":"binary-expr","locations":[{"start":{"line":72,"column":8},"end":{"line":72,"column":37}},{"start":{"line":72,"column":41},"end":{"line":72,"column":69}}]},"20":{"loc":{"start":{"line":76,"column":4},"end":{"line":78,"column":null}},"type":"if","locations":[{"start":{"line":76,"column":4},"end":{"line":78,"column":null}}]},"21":{"loc":{"start":{"line":77,"column":6},"end":{"line":77,"column":55}},"type":"if","locations":[{"start":{"line":77,"column":6},"end":{"line":77,"column":55}}]},"22":{"loc":{"start":{"line":80,"column":4},"end":{"line":82,"column":null}},"type":"if","locations":[{"start":{"line":80,"column":4},"end":{"line":82,"column":null}}]},"23":{"loc":{"start":{"line":81,"column":6},"end":{"line":81,"column":49}},"type":"if","locations":[{"start":{"line":81,"column":6},"end":{"line":81,"column":49}}]},"24":{"loc":{"start":{"line":84,"column":4},"end":{"line":86,"column":null}},"type":"if","locations":[{"start":{"line":84,"column":4},"end":{"line":86,"column":null}}]}},"s":{"0":23,"1":18,"2":12,"3":16,"4":9,"5":15,"6":9,"7":12,"8":23,"9":27,"10":6,"11":21,"12":2,"13":14,"14":14,"15":3,"16":10,"17":1,"18":10,"19":0,"20":10,"21":3,"22":7,"23":1,"24":3,"25":3,"26":1,"27":3,"28":2,"29":2,"30":1,"31":1,"32":7,"33":7,"34":7,"35":4,"36":4,"37":2,"38":2,"39":3,"40":1,"41":1,"42":3,"43":1,"44":2,"45":2},"f":{"0":23,"1":23,"2":27,"3":14,"4":10,"5":10,"6":3,"7":3,"8":1,"9":3,"10":2,"11":2,"12":1,"13":1,"14":7},"b":{"0":[12],"1":[9],"2":[9],"3":[6],"4":[27,23],"5":[0,27],"6":[27,27],"7":[0,23],"8":[23,23],"9":[2],"10":[21,20],"11":[3],"12":[1],"13":[0],"14":[3],"15":[1],"16":[3,4],"17":[1,6],"18":[4],"19":[7,4],"20":[2],"21":[2],"22":[1],"23":[1],"24":[1]}}
,"/Users/roger/vscode/finalproject-RMT/src/shared/domain/event-bus.ts": {"path":"/Users/roger/vscode/finalproject-RMT/src/shared/domain/event-bus.ts","statementMap":{"0":{"start":{"line":3,"column":20},"end":{"line":3,"column":39}},"1":{"start":{"line":4,"column":20},"end":{"line":4,"column":39}},"2":{"start":{"line":1,"column":0},"end":{"line":1,"column":22}}},"fnMap":{"0":{"name":"(anonymous_0)","decl":{"start":{"line":2,"column":2},"end":{"line":2,"column":null}},"loc":{"start":{"line":4,"column":49},"end":{"line":5,"column":6}}}},"branchMap":{"0":{"loc":{"start":{"line":4,"column":20},"end":{"line":4,"column":49}},"type":"default-arg","locations":[{"start":{"line":4,"column":39},"end":{"line":4,"column":49}}]}},"s":{"0":1,"1":1,"2":1},"f":{"0":1},"b":{"0":[1]}}
}
