TN:
SF:src/application/use-cases/property/create-property.use.case.ts
FN:28,(anonymous_7)
FN:33,(anonymous_8)
FNF:2
FNH:2
FNDA:1,(anonymous_7)
FNDA:1,(anonymous_8)
DA:1,1
DA:4,1
DA:5,1
DA:27,1
DA:29,1
DA:30,1
DA:34,1
DA:35,1
DA:46,1
DA:47,1
DA:49,1
DA:51,0
DA:52,0
DA:54,0
LF:14
LH:11
BRDA:51,0,0,0
BRF:1
BRH:0
end_of_record
TN:
SF:src/application/use-cases/property/delete-property.use-case.ts
FN:8,(anonymous_7)
FN:13,(anonymous_8)
FNF:2
FNH:2
FNDA:4,(anonymous_7)
FNDA:4,(anonymous_8)
DA:3,1
DA:4,1
DA:5,1
DA:7,1
DA:9,4
DA:10,4
DA:14,4
DA:15,4
DA:17,4
DA:18,1
DA:21,3
DA:22,1
DA:25,2
DA:26,1
DA:29,1
DA:30,1
DA:32,3
DA:33,1
DA:36,2
DA:37,2
DA:40,0
LF:21
LH:20
BRDA:17,0,0,1
BRDA:21,1,0,1
BRDA:25,2,0,1
BRDA:32,3,0,1
BRDA:36,4,0,2
BRF:5
BRH:5
end_of_record
TN:
SF:src/application/use-cases/property/get-properties-by-status.use-case.ts
FN:6,(anonymous_7)
FN:10,(anonymous_8)
FNF:2
FNH:2
FNDA:3,(anonymous_7)
FNDA:3,(anonymous_8)
DA:5,1
DA:7,3
DA:11,3
DA:12,3
DA:14,1
DA:15,1
DA:17,0
LF:7
LH:6
BRDA:14,0,0,1
BRF:1
BRH:1
end_of_record
TN:
SF:src/application/use-cases/property/get-property-analysis.use-case.ts
FN:6,(anonymous_7)
FN:10,(anonymous_8)
FNF:2
FNH:2
FNDA:3,(anonymous_7)
FNDA:3,(anonymous_8)
DA:3,1
DA:5,1
DA:7,3
DA:11,3
DA:12,3
DA:14,3
DA:15,1
DA:18,2
DA:20,1
DA:21,1
DA:24,0
DA:25,0
DA:28,0
LF:13
LH:10
BRDA:14,0,0,1
BRDA:20,1,0,1
BRDA:24,2,0,0
BRF:3
BRH:2
end_of_record
TN:
SF:src/application/use-cases/property/get-property-by-id.use-case.ts
FN:6,(anonymous_7)
FN:10,(anonymous_8)
FNF:2
FNH:2
FNDA:3,(anonymous_7)
FNDA:3,(anonymous_8)
DA:3,1
DA:5,1
DA:7,3
DA:11,3
DA:12,3
DA:14,2
DA:15,1
DA:18,1
DA:20,2
DA:21,1
DA:24,1
DA:25,1
DA:28,0
LF:13
LH:12
BRDA:14,0,0,1
BRDA:20,1,0,1
BRDA:24,2,0,1
BRF:3
BRH:3
end_of_record
TN:
SF:src/application/use-cases/property/search-properties.use-case.ts
FN:16,(anonymous_7)
FN:20,(anonymous_8)
FN:32,(anonymous_10)
FNF:3
FNH:3
FNDA:5,(anonymous_7)
FNDA:5,(anonymous_8)
FNDA:5,(anonymous_10)
DA:15,1
DA:17,5
DA:21,5
DA:22,5
DA:23,4
DA:25,2
DA:26,2
DA:28,0
DA:33,5
DA:34,1
DA:37,4
DA:38,0
DA:41,4
DA:42,0
DA:45,4
DA:46,0
LF:16
LH:12
BRDA:25,0,0,2
BRDA:33,1,0,1
BRDA:33,2,0,5
BRDA:33,2,1,3
BRDA:33,2,2,2
BRDA:37,3,0,0
BRDA:37,4,0,4
BRDA:37,4,1,2
BRDA:41,5,0,0
BRDA:41,6,0,4
BRDA:41,6,1,1
BRDA:45,7,0,0
BRDA:45,8,0,4
BRDA:45,8,1,2
BRF:14
BRH:11
end_of_record
TN:
SF:src/application/use-cases/property/update-property.use-case.ts
FN:14,(anonymous_7)
FN:19,(anonymous_8)
FNF:2
FNH:2
FNDA:4,(anonymous_7)
FNDA:4,(anonymous_8)
DA:3,1
DA:4,1
DA:13,1
DA:15,4
DA:16,4
DA:20,4
DA:21,4
DA:23,4
DA:24,1
DA:27,3
DA:28,2
DA:31,3
DA:32,1
DA:35,3
DA:36,1
DA:39,2
DA:40,2
DA:42,2
DA:43,1
DA:46,1
DA:47,1
DA:50,0
LF:22
LH:21
BRDA:23,0,0,1
BRDA:27,1,0,2
BRDA:31,2,0,1
BRDA:35,3,0,1
BRDA:42,4,0,1
BRDA:46,5,0,1
BRF:6
BRH:6
end_of_record
TN:
SF:src/application/use-cases/property/errors/property-not-found.error.ts
FN:2,(anonymous_0)
FNF:1
FNH:1
FNDA:4,(anonymous_0)
DA:1,4
DA:3,4
DA:4,4
LF:3
LH:3
BRF:0
BRH:0
end_of_record
TN:
SF:src/domain/connection/entity/connection.ts
FN:17,(anonymous_0)
FN:22,(anonymous_1)
FN:32,(anonymous_2)
FN:39,(anonymous_3)
FN:40,(anonymous_4)
FN:41,(anonymous_5)
FN:42,(anonymous_6)
FN:43,(anonymous_7)
FN:46,(anonymous_8)
FN:47,(anonymous_9)
FN:50,(anonymous_10)
FN:58,(anonymous_11)
FN:66,(anonymous_12)
FN:74,(anonymous_13)
FN:85,(anonymous_14)
FN:87,(anonymous_15)
FNF:16
FNH:14
FNDA:12,(anonymous_0)
FNDA:12,(anonymous_1)
FNDA:12,(anonymous_2)
FNDA:8,(anonymous_3)
FNDA:1,(anonymous_4)
FNDA:1,(anonymous_5)
FNDA:4,(anonymous_6)
FNDA:2,(anonymous_7)
FNDA:0,(anonymous_8)
FNDA:0,(anonymous_9)
FNDA:5,(anonymous_10)
FNDA:2,(anonymous_11)
FNDA:2,(anonymous_12)
FNDA:4,(anonymous_13)
FNDA:1,(anonymous_14)
FNDA:2,(anonymous_15)
DA:1,1
DA:14,1
DA:18,12
DA:19,11
DA:23,12
DA:33,12
DA:34,1
DA:39,8
DA:40,1
DA:41,1
DA:42,4
DA:44,2
DA:46,0
DA:47,0
DA:51,5
DA:52,1
DA:54,4
DA:55,4
DA:59,2
DA:60,1
DA:62,1
DA:63,1
DA:67,2
DA:68,1
DA:70,1
DA:71,1
DA:75,4
DA:76,1
DA:78,3
DA:79,0
DA:81,3
DA:82,3
DA:86,1
DA:87,2
LF:34
LH:31
BRDA:33,0,0,1
BRDA:51,1,0,1
BRDA:59,2,0,1
BRDA:67,3,0,1
BRDA:75,4,0,1
BRDA:78,5,0,0
BRDA:87,6,0,2
BRDA:87,6,1,1
BRF:8
BRH:7
end_of_record
TN:
SF:src/domain/connection/entity/message.ts
FN:14,(anonymous_0)
FN:19,(anonymous_1)
FN:29,(anonymous_2)
FN:39,(anonymous_3)
FN:40,(anonymous_4)
FN:41,(anonymous_5)
FN:42,(anonymous_6)
FN:43,(anonymous_7)
FN:44,(anonymous_8)
FN:45,(anonymous_9)
FN:48,(anonymous_10)
FNF:11
FNH:10
FNDA:9,(anonymous_0)
FNDA:9,(anonymous_1)
FNDA:9,(anonymous_2)
FNDA:5,(anonymous_3)
FNDA:4,(anonymous_4)
FNDA:5,(anonymous_5)
FNDA:5,(anonymous_6)
FNDA:3,(anonymous_7)
FNDA:0,(anonymous_8)
FNDA:2,(anonymous_9)
FNDA:1,(anonymous_10)
DA:11,2
DA:15,9
DA:16,6
DA:20,9
DA:30,9
DA:31,2
DA:33,7
DA:34,1
DA:39,5
DA:40,4
DA:41,5
DA:42,5
DA:43,3
DA:44,0
DA:45,2
DA:49,1
DA:50,1
LF:17
LH:16
BRDA:30,0,0,2
BRDA:33,1,0,1
BRF:2
BRH:2
end_of_record
TN:
SF:src/domain/connection/types/connection-status.ts
FN:1,(anonymous_0)
FNF:1
FNH:1
FNDA:1,(anonymous_0)
DA:1,1
DA:2,1
DA:3,1
DA:4,1
DA:5,1
LF:5
LH:5
BRDA:1,0,0,1
BRDA:1,0,1,1
BRF:2
BRH:2
end_of_record
TN:
SF:src/domain/document/entity/document.ts
FN:20,(anonymous_0)
FN:27,(anonymous_1)
FN:37,(anonymous_2)
FN:43,(anonymous_3)
FN:49,(anonymous_4)
FN:61,(anonymous_5)
FN:62,(anonymous_6)
FN:63,(anonymous_7)
FN:64,(anonymous_8)
FN:65,(anonymous_9)
FN:66,(anonymous_10)
FN:67,(anonymous_11)
FN:68,(anonymous_12)
FN:69,(anonymous_13)
FN:70,(anonymous_14)
FN:73,(anonymous_15)
FN:86,(anonymous_16)
FN:99,(anonymous_17)
FNF:18
FNH:17
FNDA:7,(anonymous_0)
FNDA:7,(anonymous_1)
FNDA:7,(anonymous_2)
FNDA:6,(anonymous_3)
FNDA:6,(anonymous_4)
FNDA:1,(anonymous_5)
FNDA:1,(anonymous_6)
FNDA:1,(anonymous_7)
FNDA:3,(anonymous_8)
FNDA:1,(anonymous_9)
FNDA:3,(anonymous_10)
FNDA:3,(anonymous_11)
FNDA:1,(anonymous_12)
FNDA:1,(anonymous_13)
FNDA:2,(anonymous_14)
FNDA:3,(anonymous_15)
FNDA:4,(anonymous_16)
FNDA:0,(anonymous_17)
DA:1,1
DA:17,1
DA:21,7
DA:22,6
DA:23,6
DA:24,6
DA:28,7
DA:38,7
DA:39,1
DA:44,6
DA:45,0
DA:50,6
DA:51,0
DA:52,0
DA:54,0
DA:55,0
DA:61,1
DA:62,1
DA:63,1
DA:64,3
DA:65,1
DA:66,3
DA:67,3
DA:68,1
DA:69,1
DA:70,2
DA:74,3
DA:75,1
DA:77,2
DA:78,2
DA:79,2
DA:80,2
DA:81,1
DA:83,2
DA:87,4
DA:88,1
DA:90,3
DA:91,1
DA:93,2
DA:94,2
DA:95,2
DA:96,2
DA:100,0
DA:101,0
DA:103,0
DA:106,0
LF:46
LH:37
BRDA:38,0,0,1
BRDA:44,1,0,0
BRDA:50,2,0,0
BRDA:51,3,0,0
BRDA:54,4,0,0
BRDA:74,5,0,1
BRDA:80,6,0,1
BRDA:87,7,0,1
BRDA:90,8,0,1
BRDA:100,9,0,0
BRDA:103,10,0,0
BRDA:103,10,1,0
BRF:12
BRH:5
end_of_record
TN:
SF:src/domain/document/types/document-type.ts
FN:1,(anonymous_0)
FN:11,(anonymous_1)
FNF:2
FNH:2
FNDA:1,(anonymous_0)
FNDA:1,(anonymous_1)
DA:1,1
DA:2,1
DA:3,1
DA:4,1
DA:5,1
DA:6,1
DA:7,1
DA:8,1
DA:11,1
DA:12,1
DA:13,1
DA:14,1
LF:12
LH:12
BRDA:1,0,0,1
BRDA:1,0,1,1
BRDA:11,1,0,1
BRDA:11,1,1,1
BRF:4
BRH:4
end_of_record
TN:
SF:src/domain/document/value-objects/document-metadata.ts
FN:11,(anonymous_0)
FN:19,(anonymous_1)
FN:23,(anonymous_2)
FN:32,(anonymous_3)
FN:45,(anonymous_4)
FN:55,(anonymous_5)
FN:66,(anonymous_6)
FN:67,(anonymous_7)
FN:68,(anonymous_8)
FN:69,(anonymous_9)
FNF:10
FNH:10
FNDA:18,(anonymous_0)
FNDA:18,(anonymous_1)
FNDA:18,(anonymous_2)
FNDA:15,(anonymous_3)
FNDA:14,(anonymous_4)
FNDA:11,(anonymous_5)
FNDA:1,(anonymous_6)
FNDA:1,(anonymous_7)
FNDA:1,(anonymous_8)
FNDA:1,(anonymous_9)
DA:8,2
DA:12,18
DA:13,15
DA:14,14
DA:15,11
DA:16,7
DA:20,18
DA:24,18
DA:25,2
DA:27,16
DA:28,1
DA:33,15
DA:40,15
DA:41,1
DA:46,14
DA:47,14
DA:48,2
DA:50,12
DA:51,1
DA:56,11
DA:57,2
DA:60,9
DA:61,9
DA:62,2
DA:66,1
DA:67,1
DA:68,1
DA:69,1
LF:28
LH:28
BRDA:24,0,0,2
BRDA:27,1,0,1
BRDA:40,2,0,1
BRDA:47,3,0,2
BRDA:50,4,0,1
BRDA:56,5,0,2
BRDA:61,6,0,2
BRF:7
BRH:7
end_of_record
TN:
SF:src/domain/investment/entity/investment.ts
FN:17,(anonymous_0)
FN:22,(anonymous_1)
FN:31,(anonymous_2)
FN:38,(anonymous_3)
FN:39,(anonymous_4)
FN:40,(anonymous_5)
FN:41,(anonymous_6)
FN:42,(anonymous_7)
FN:43,(anonymous_8)
FN:44,(anonymous_9)
FN:45,(anonymous_10)
FN:48,(anonymous_11)
FN:56,(anonymous_12)
FN:64,(anonymous_13)
FN:75,(anonymous_14)
FNF:15
FNH:15
FNDA:12,(anonymous_0)
FNDA:12,(anonymous_1)
FNDA:12,(anonymous_2)
FNDA:1,(anonymous_3)
FNDA:1,(anonymous_4)
FNDA:1,(anonymous_5)
FNDA:1,(anonymous_6)
FNDA:4,(anonymous_7)
FNDA:4,(anonymous_8)
FNDA:1,(anonymous_9)
FNDA:2,(anonymous_10)
FNDA:3,(anonymous_11)
FNDA:2,(anonymous_12)
FNDA:2,(anonymous_13)
FNDA:2,(anonymous_14)
DA:1,1
DA:14,1
DA:18,12
DA:19,10
DA:23,12
DA:32,12
DA:33,2
DA:38,1
DA:39,1
DA:40,1
DA:41,1
DA:42,4
DA:43,4
DA:44,1
DA:45,2
DA:49,3
DA:50,1
DA:52,2
DA:53,2
DA:57,2
DA:58,1
DA:60,1
DA:61,1
DA:65,2
DA:66,1
DA:68,1
DA:69,1
DA:70,1
DA:72,1
DA:76,2
DA:79,2
LF:31
LH:31
BRDA:32,0,0,2
BRDA:49,1,0,1
BRDA:57,2,0,1
BRDA:65,3,0,1
BRDA:69,4,0,1
BRDA:76,5,0,1
BRDA:76,5,1,1
BRF:7
BRH:7
end_of_record
TN:
SF:src/domain/investment/types/investment-status.ts
FN:1,(anonymous_0)
FNF:1
FNH:1
FNDA:1,(anonymous_0)
DA:1,1
DA:2,1
DA:3,1
DA:4,1
DA:5,1
LF:5
LH:5
BRDA:1,0,0,1
BRDA:1,0,1,1
BRF:2
BRH:2
end_of_record
TN:
SF:src/domain/property/aggregate/property-aggregate.ts
FN:42,(anonymous_0)
FN:7,(anonymous_1)
FN:12,(anonymous_2)
FN:16,(anonymous_3)
FN:20,(anonymous_4)
FN:24,(anonymous_5)
FN:32,(anonymous_6)
FN:36,(anonymous_7)
FNF:8
FNH:5
FNDA:0,(anonymous_0)
FNDA:1,(anonymous_1)
FNDA:1,(anonymous_2)
FNDA:0,(anonymous_3)
FNDA:2,(anonymous_4)
FNDA:0,(anonymous_5)
FNDA:1,(anonymous_6)
FNDA:1,(anonymous_7)
DA:1,1
DA:4,1
DA:6,1
DA:8,1
DA:9,1
DA:13,1
DA:17,0
DA:21,2
DA:25,0
DA:26,0
DA:27,0
DA:29,0
DA:33,1
DA:37,1
DA:38,1
DA:42,1
LF:16
LH:11
BRDA:26,0,0,0
BRF:1
BRH:0
end_of_record
TN:
SF:src/domain/property/entity/analysis.ts
FN:15,(anonymous_0)
FN:28,(anonymous_1)
FN:42,(anonymous_2)
FN:46,(anonymous_3)
FN:50,(anonymous_4)
FN:54,(anonymous_5)
FN:58,(anonymous_6)
FN:62,(anonymous_7)
FN:66,(anonymous_8)
FN:70,(anonymous_9)
FN:74,(anonymous_10)
FNF:11
FNH:8
FNDA:8,(anonymous_0)
FNDA:8,(anonymous_1)
FNDA:0,(anonymous_2)
FNDA:0,(anonymous_3)
FNDA:2,(anonymous_4)
FNDA:2,(anonymous_5)
FNDA:1,(anonymous_6)
FNDA:6,(anonymous_7)
FNDA:3,(anonymous_8)
FNDA:0,(anonymous_9)
FNDA:8,(anonymous_10)
DA:14,3
DA:16,8
DA:17,8
DA:18,8
DA:19,8
DA:20,8
DA:21,8
DA:22,8
DA:23,8
DA:25,8
DA:29,8
DA:30,8
DA:43,0
DA:47,0
DA:51,2
DA:55,2
DA:59,1
DA:63,6
DA:67,3
DA:71,0
DA:75,8
DA:76,1
DA:79,7
DA:80,1
DA:83,6
DA:84,1
LF:26
LH:23
BRDA:75,0,0,1
BRDA:79,1,0,1
BRDA:83,2,0,1
BRF:3
BRH:3
end_of_record
TN:
SF:src/domain/property/entity/property.ts
FN:31,(anonymous_0)
FN:55,(anonymous_1)
FN:56,(anonymous_2)
FN:57,(anonymous_3)
FN:58,(anonymous_4)
FN:59,(anonymous_5)
FN:60,(anonymous_6)
FN:61,(anonymous_7)
FN:62,(anonymous_8)
FN:63,(anonymous_9)
FN:64,(anonymous_10)
FN:65,(anonymous_11)
FN:66,(anonymous_12)
FN:67,(anonymous_13)
FN:71,(anonymous_14)
FN:75,(anonymous_15)
FN:77,(anonymous_16)
FN:82,(anonymous_17)
FN:93,(anonymous_18)
FN:101,(anonymous_19)
FN:110,(anonymous_20)
FN:118,(anonymous_21)
FN:127,(anonymous_22)
FN:154,(anonymous_23)
FNF:24
FNH:19
FNDA:26,(anonymous_0)
FNDA:23,(anonymous_1)
FNDA:0,(anonymous_2)
FNDA:3,(anonymous_3)
FNDA:4,(anonymous_4)
FNDA:0,(anonymous_5)
FNDA:0,(anonymous_6)
FNDA:0,(anonymous_7)
FNDA:3,(anonymous_8)
FNDA:0,(anonymous_9)
FNDA:9,(anonymous_10)
FNDA:1,(anonymous_11)
FNDA:1,(anonymous_12)
FNDA:2,(anonymous_13)
FNDA:2,(anonymous_14)
FNDA:1,(anonymous_15)
FNDA:1,(anonymous_16)
FNDA:5,(anonymous_17)
FNDA:4,(anonymous_18)
FNDA:4,(anonymous_19)
FNDA:7,(anonymous_20)
FNDA:2,(anonymous_21)
FNDA:26,(anonymous_22)
FNDA:2,(anonymous_23)
DA:1,9
DA:24,9
DA:29,26
DA:32,26
DA:33,26
DA:36,26
DA:37,26
DA:38,26
DA:43,26
DA:44,26
DA:45,26
DA:48,26
DA:49,26
DA:50,26
DA:51,26
DA:55,23
DA:56,0
DA:57,3
DA:58,4
DA:59,0
DA:60,0
DA:61,0
DA:62,3
DA:63,0
DA:64,9
DA:65,1
DA:66,1
DA:68,2
DA:72,2
DA:76,1
DA:77,1
DA:78,1
DA:83,5
DA:84,1
DA:86,4
DA:87,1
DA:89,3
DA:90,3
DA:94,4
DA:95,1
DA:97,3
DA:98,3
DA:102,4
DA:103,3
DA:105,1
DA:106,1
DA:111,7
DA:112,1
DA:114,6
DA:115,6
DA:119,2
DA:120,0
DA:122,2
DA:123,2
DA:140,26
DA:155,2
DA:156,2
LF:57
LH:51
BRDA:44,0,0,26
BRDA:45,1,0,26
BRDA:46,2,0,26
BRDA:76,3,0,0
BRDA:83,4,0,1
BRDA:83,5,0,5
BRDA:83,5,1,4
BRDA:86,6,0,1
BRDA:94,7,0,1
BRDA:94,8,0,4
BRDA:94,8,1,3
BRDA:102,9,0,3
BRDA:111,10,0,1
BRDA:119,11,0,0
BRF:14
BRH:12
end_of_record
TN:
SF:src/domain/property/events/property-created.event.ts
FN:6,(anonymous_0)
FN:10,(anonymous_1)
FNF:2
FNH:1
FNDA:1,(anonymous_0)
FNDA:0,(anonymous_1)
DA:3,1
DA:6,1
DA:7,1
DA:11,0
LF:4
LH:3
BRF:0
BRH:0
end_of_record
TN:
SF:src/domain/property/events/property-deleted.event.ts
FN:5,(anonymous_0)
FN:9,(anonymous_1)
FN:13,(anonymous_2)
FNF:3
FNH:1
FNDA:1,(anonymous_0)
FNDA:0,(anonymous_1)
FNDA:0,(anonymous_2)
DA:1,1
DA:4,1
DA:5,1
DA:6,1
DA:10,0
DA:14,0
LF:6
LH:4
BRF:0
BRH:0
end_of_record
TN:
SF:src/domain/property/events/property-updated.event.ts
FN:6,(anonymous_0)
FN:10,(anonymous_1)
FNF:2
FNH:2
FNDA:3,(anonymous_0)
FNDA:1,(anonymous_1)
DA:3,2
DA:6,3
DA:7,3
DA:11,1
LF:4
LH:4
BRF:0
BRH:0
end_of_record
TN:
SF:src/domain/property/types/property-status.ts
FN:1,(anonymous_0)
FNF:1
FNH:1
FNDA:9,(anonymous_0)
DA:1,9
DA:2,9
DA:3,9
DA:4,9
DA:5,9
LF:5
LH:5
BRDA:1,0,0,9
BRDA:1,0,1,9
BRF:2
BRH:2
end_of_record
TN:
SF:src/domain/property/types/property-type.ts
FN:1,(anonymous_0)
FNF:1
FNH:1
FNDA:9,(anonymous_0)
DA:1,9
DA:2,9
DA:3,9
DA:4,9
DA:5,9
DA:6,9
DA:7,9
LF:7
LH:7
BRDA:1,0,0,9
BRDA:1,0,1,9
BRF:2
BRH:2
end_of_record
TN:
SF:src/domain/property/value-objects/financial-metrics.ts
FN:8,(anonymous_0)
FN:17,(anonymous_1)
FN:31,(anonymous_2)
FN:35,(anonymous_3)
FN:39,(anonymous_4)
FN:43,(anonymous_5)
FN:47,(anonymous_6)
FN:61,(anonymous_7)
FNF:8
FNH:7
FNDA:9,(anonymous_0)
FNDA:9,(anonymous_1)
FNDA:1,(anonymous_2)
FNDA:2,(anonymous_3)
FNDA:1,(anonymous_4)
FNDA:1,(anonymous_5)
FNDA:9,(anonymous_6)
FNDA:0,(anonymous_7)
DA:7,4
DA:9,9
DA:10,9
DA:11,9
DA:12,9
DA:14,9
DA:23,9
DA:32,1
DA:36,2
DA:40,1
DA:44,1
DA:48,9
DA:49,1
DA:52,8
DA:53,2
DA:56,6
DA:57,2
DA:62,0
LF:18
LH:17
BRDA:48,0,0,1
BRDA:52,1,0,2
BRDA:56,2,0,2
BRDA:56,3,0,6
BRDA:56,3,1,5
BRF:5
BRH:5
end_of_record
TN:
SF:src/domain/property/value-objects/property-features.ts
FN:11,(anonymous_0)
FN:16,(anonymous_1)
FN:20,(anonymous_2)
FN:32,(anonymous_3)
FN:33,(anonymous_4)
FN:34,(anonymous_5)
FN:35,(anonymous_6)
FNF:7
FNH:7
FNDA:27,(anonymous_0)
FNDA:27,(anonymous_1)
FNDA:27,(anonymous_2)
FNDA:1,(anonymous_3)
FNDA:1,(anonymous_4)
FNDA:1,(anonymous_5)
FNDA:1,(anonymous_6)
DA:8,10
DA:12,27
DA:13,24
DA:17,27
DA:21,27
DA:22,1
DA:24,26
DA:25,1
DA:27,25
DA:28,1
DA:32,1
DA:33,1
DA:34,1
DA:35,1
LF:14
LH:14
BRDA:21,0,0,1
BRDA:24,1,0,1
BRDA:27,2,0,1
BRF:3
BRH:3
end_of_record
TN:
SF:src/domain/user/entity/user.ts
FN:19,(anonymous_0)
FN:26,(anonymous_1)
FN:36,(anonymous_2)
FN:43,(anonymous_3)
FN:49,(anonymous_4)
FN:56,(anonymous_5)
FN:57,(anonymous_6)
FN:58,(anonymous_7)
FN:59,(anonymous_8)
FN:60,(anonymous_9)
FN:61,(anonymous_10)
FN:62,(anonymous_11)
FN:63,(anonymous_12)
FN:64,(anonymous_13)
FN:67,(anonymous_14)
FN:76,(anonymous_15)
FN:87,(anonymous_16)
FN:98,(anonymous_17)
FN:109,(anonymous_18)
FN:114,(anonymous_19)
FNF:20
FNH:20
FNDA:14,(anonymous_0)
FNDA:14,(anonymous_1)
FNDA:14,(anonymous_2)
FNDA:13,(anonymous_3)
FNDA:12,(anonymous_4)
FNDA:1,(anonymous_5)
FNDA:1,(anonymous_6)
FNDA:1,(anonymous_7)
FNDA:5,(anonymous_8)
FNDA:2,(anonymous_9)
FNDA:2,(anonymous_10)
FNDA:2,(anonymous_11)
FNDA:1,(anonymous_12)
FNDA:1,(anonymous_13)
FNDA:7,(anonymous_14)
FNDA:5,(anonymous_15)
FNDA:2,(anonymous_16)
FNDA:3,(anonymous_17)
FNDA:1,(anonymous_18)
FNDA:1,(anonymous_19)
DA:1,1
DA:16,1
DA:20,14
DA:21,13
DA:22,12
DA:23,12
DA:27,14
DA:37,14
DA:38,14
DA:39,1
DA:44,13
DA:45,1
DA:50,12
DA:51,0
DA:56,1
DA:57,1
DA:58,1
DA:59,5
DA:60,2
DA:61,2
DA:62,2
DA:63,1
DA:64,1
DA:68,7
DA:69,1
DA:71,6
DA:72,6
DA:73,6
DA:77,5
DA:78,1
DA:80,4
DA:81,1
DA:83,3
DA:84,3
DA:88,2
DA:89,0
DA:91,2
DA:92,1
DA:94,1
DA:95,1
DA:99,3
DA:100,0
DA:102,3
DA:103,1
DA:105,2
DA:106,2
DA:110,1
DA:111,1
DA:115,1
DA:116,1
LF:50
LH:47
BRDA:38,0,0,1
BRDA:44,1,0,1
BRDA:50,2,0,0
BRDA:68,3,0,1
BRDA:77,4,0,1
BRDA:80,5,0,1
BRDA:88,6,0,0
BRDA:91,7,0,1
BRDA:99,8,0,0
BRDA:102,9,0,1
BRDA:102,10,0,0
BRDA:102,10,1,3
BRDA:102,11,0,3
BRDA:102,11,1,3
BRF:14
BRH:10
end_of_record
TN:
SF:src/domain/user/types/user-role.ts
FN:1,(anonymous_0)
FN:7,(anonymous_1)
FNF:2
FNH:2
FNDA:1,(anonymous_0)
FNDA:1,(anonymous_1)
DA:1,1
DA:2,1
DA:3,1
DA:4,1
DA:7,1
DA:8,1
DA:9,1
DA:10,1
DA:11,1
LF:9
LH:9
BRDA:1,0,0,1
BRDA:1,0,1,1
BRDA:7,1,0,1
BRDA:7,1,1,1
BRF:4
BRH:4
end_of_record
TN:
SF:src/domain/user/value-objects/user-profile.ts
FN:14,(anonymous_0)
FN:22,(anonymous_1)
FN:26,(anonymous_2)
FN:35,(anonymous_3)
FN:42,(anonymous_4)
FN:48,(anonymous_5)
FN:59,(anonymous_6)
FN:60,(anonymous_7)
FN:61,(anonymous_8)
FN:62,(anonymous_9)
FN:63,(anonymous_10)
FN:64,(anonymous_11)
FN:65,(anonymous_12)
FN:66,(anonymous_13)
FN:68,(anonymous_14)
FNF:15
FNH:15
FNDA:23,(anonymous_0)
FNDA:23,(anonymous_1)
FNDA:27,(anonymous_2)
FNDA:14,(anonymous_3)
FNDA:10,(anonymous_4)
FNDA:10,(anonymous_5)
FNDA:3,(anonymous_6)
FNDA:3,(anonymous_7)
FNDA:1,(anonymous_8)
FNDA:3,(anonymous_9)
FNDA:2,(anonymous_10)
FNDA:2,(anonymous_11)
FNDA:1,(anonymous_12)
FNDA:1,(anonymous_13)
FNDA:7,(anonymous_14)
DA:11,2
DA:15,23
DA:16,18
DA:17,16
DA:18,15
DA:19,12
DA:23,23
DA:27,27
DA:28,6
DA:30,21
DA:31,2
DA:36,14
DA:37,14
DA:38,3
DA:43,10
DA:44,1
DA:49,10
DA:51,10
DA:52,3
DA:54,7
DA:55,1
DA:59,3
DA:60,3
DA:61,1
DA:62,3
DA:63,2
DA:64,2
DA:65,1
DA:66,1
DA:69,7
DA:70,7
DA:72,7
DA:73,4
DA:76,4
DA:77,2
DA:80,3
DA:81,1
DA:84,3
DA:85,1
DA:88,2
LF:40
LH:40
BRDA:16,0,0,12
BRDA:17,1,0,9
BRDA:18,2,0,9
BRDA:27,3,0,6
BRDA:27,4,0,27
BRDA:27,4,1,23
BRDA:27,5,0,0
BRDA:27,5,1,27
BRDA:27,6,0,27
BRDA:27,6,1,27
BRDA:27,7,0,0
BRDA:27,7,1,23
BRDA:27,8,0,23
BRDA:27,8,1,23
BRDA:30,9,0,2
BRDA:30,10,0,21
BRDA:30,10,1,20
BRDA:37,11,0,3
BRDA:43,12,0,1
BRDA:49,13,0,0
BRDA:51,14,0,3
BRDA:54,15,0,1
BRDA:69,16,0,3
BRDA:69,16,1,4
BRDA:70,17,0,1
BRDA:70,17,1,6
BRDA:72,18,0,4
BRDA:72,19,0,7
BRDA:72,19,1,4
BRDA:76,20,0,2
BRDA:77,21,0,2
BRDA:80,22,0,1
BRDA:81,23,0,1
BRDA:84,24,0,1
BRF:34
BRH:31
end_of_record
TN:
SF:src/shared/domain/event-bus.ts
FN:2,(anonymous_0)
FNF:1
FNH:1
FNDA:1,(anonymous_0)
DA:1,1
DA:3,1
DA:4,1
LF:3
LH:3
BRDA:4,0,0,1
BRF:1
BRH:1
end_of_record
